This file contains any messages produced by compilers while
running configure, to aid debugging if configure makes a mistake.

It was created by asn1c configure 0.9.29, which was
generated by GNU Autoconf 2.71.  Invocation command line was

  $ ./configure

## --------- ##
## Platform. ##
## --------- ##

hostname = DESKTOP-K8LU3FT
uname -m = x86_64
uname -r = 5.15.146.1-microsoft-standard-WSL2
uname -s = Linux
uname -v = #1 SMP Thu Jan 11 04:09:03 UTC 2024

/usr/bin/uname -p = x86_64
/bin/uname -X     = unknown

/bin/arch              = x86_64
/usr/bin/arch -k       = unknown
/usr/convex/getsysinfo = unknown
/usr/bin/hostinfo      = unknown
/bin/machine           = unknown
/usr/bin/oslevel       = unknown
/bin/universe          = unknown

PATH: /home/sofia/.vscode-server/bin/863d2581ecda6849923a2118d93a088b0745d9d6/bin/remote-cli/
PATH: /usr/local/sbin/
PATH: /usr/local/bin/
PATH: /usr/sbin/
PATH: /usr/bin/
PATH: /sbin/
PATH: /bin/
PATH: /usr/games/
PATH: /usr/local/games/
PATH: /usr/lib/wsl/lib/
PATH: /mnt/c/Program Files (x86)/Common Files/Oracle/Java/javapath/
PATH: /mnt/c/WINDOWS/system32/
PATH: /mnt/c/WINDOWS/
PATH: /mnt/c/WINDOWS/System32/Wbem/
PATH: /mnt/c/WINDOWS/System32/WindowsPowerShell/v1.0/
PATH: /mnt/c/WINDOWS/System32/OpenSSH/
PATH: /mnt/c/Program Files/Git/cmd/
PATH: /mnt/c/Program Files/Keysight/IO Libraries Suite/bin/
PATH: /mnt/c/Program Files/IVI Foundation/VISA/Win64/ktvisa/
PATH: /mnt/c/Program Files/IVI Foundation/VISA/Win64/bin/
PATH: /mnt/c/Program Files (x86)/Keysight/IO Libraries Suite/bin/
PATH: /mnt/c/Program Files (x86)/IVI Foundation/VISA/WinNT/ktvisa/
PATH: /mnt/c/Program Files (x86)/IVI Foundation/VISA/WinNT/bin/
PATH: /mnt/c/Program Files (x86)/IVI Foundation/IVI/bin/
PATH: /mnt/c/Program Files/IVI Foundation/IVI/bin/
PATH: /mnt/c/Program Files (x86)/IVI Foundation/VISA/WinNT/Bin/
PATH: /mnt/c/Program Files/IVI Foundation/VISA/Win64/Bin/
PATH: /mnt/c/Program Files (x86)/IVI Foundation/VISA/winnt/agvisa/
PATH: /mnt/c/Program Files/MATLAB/R2023b/bin/
PATH: /mnt/c/Program Files/TortoiseSVN/bin/
PATH: /mnt/c/Program Files/PuTTY/
PATH: /mnt/c/Program Files (x86)/Windows Kits/10/Windows Performance Toolkit/
PATH: /mnt/c/Program Files/Nordic Semiconductor/nrf-command-line-tools/bin/
PATH: /mnt/c/Program Files/Portugal Identity Card/
PATH: /mnt/c/Users/Utilizador/AppData/Local/Programs/Python/Python39/Scripts/
PATH: /mnt/c/Users/Utilizador/AppData/Local/Programs/Python/Python39/
PATH: /mnt/c/Users/Utilizador/AppData/Local/Microsoft/WindowsApps/
PATH: /mnt/c/Users/Utilizador/AppData/Local/Programs/Microsoft VS Code/bin/
PATH: /mnt/c/texlive/2019/bin/win32/
PATH: /mnt/c/MinGW64/bin/
PATH: /mnt/d/Desktop/Projects/umrisc-v/sw_dev/RISC-V_Code/OpenOCD-20230111-0.12.0/bin/
PATH: /mnt/c/Program Files/Microsoft Visual Studio/2022/Community/VC/Tools/MSVC/14.37.32822/bin/Hostx64/x64/
PATH: /snap/bin/


## ----------- ##
## Core tests. ##
## ----------- ##

configure:3146: looking for aux files: config.guess config.sub ltmain.sh ar-lib compile missing install-sh
configure:3159:  trying ./config/
configure:3188:   ./config/config.guess found
configure:3188:   ./config/config.sub found
configure:3188:   ./config/ltmain.sh found
configure:3188:   ./config/ar-lib found
configure:3188:   ./config/compile found
configure:3188:   ./config/missing found
configure:3170:   ./config/install-sh found
configure:3321: checking for a BSD-compatible install
configure:3394: result: /usr/bin/install -c
configure:3405: checking whether build environment is sane
configure:3460: result: yes
configure:3619: checking for a race-free mkdir -p
configure:3663: result: /usr/bin/mkdir -p
configure:3670: checking for gawk
configure:3691: found /usr/bin/gawk
configure:3702: result: gawk
configure:3713: checking whether make sets $(MAKE)
configure:3736: result: yes
configure:3766: checking whether make supports nested variables
configure:3784: result: yes
configure:3984: checking for gcc
configure:4005: found /usr/bin/gcc
configure:4016: result: gcc
configure:4369: checking for C compiler version
configure:4378: gcc --version >&5
gcc (Ubuntu 11.4.0-1ubuntu1~22.04) 11.4.0
Copyright (C) 2021 Free Software Foundation, Inc.
This is free software; see the source for copying conditions.  There is NO
warranty; not even for MERCHANTABILITY or FITNESS FOR A PARTICULAR PURPOSE.

configure:4389: $? = 0
configure:4378: gcc -v >&5
Using built-in specs.
COLLECT_GCC=gcc
COLLECT_LTO_WRAPPER=/usr/lib/gcc/x86_64-linux-gnu/11/lto-wrapper
OFFLOAD_TARGET_NAMES=nvptx-none:amdgcn-amdhsa
OFFLOAD_TARGET_DEFAULT=1
Target: x86_64-linux-gnu
Configured with: ../src/configure -v --with-pkgversion='Ubuntu 11.4.0-1ubuntu1~22.04' --with-bugurl=file:///usr/share/doc/gcc-11/README.Bugs --enable-languages=c,ada,c++,go,brig,d,fortran,objc,obj-c++,m2 --prefix=/usr --with-gcc-major-version-only --program-suffix=-11 --program-prefix=x86_64-linux-gnu- --enable-shared --enable-linker-build-id --libexecdir=/usr/lib --without-included-gettext --enable-threads=posix --libdir=/usr/lib --enable-nls --enable-bootstrap --enable-clocale=gnu --enable-libstdcxx-debug --enable-libstdcxx-time=yes --with-default-libstdcxx-abi=new --enable-gnu-unique-object --disable-vtable-verify --enable-plugin --enable-default-pie --with-system-zlib --enable-libphobos-checking=release --with-target-system-zlib=auto --enable-objc-gc=auto --enable-multiarch --disable-werror --enable-cet --with-arch-32=i686 --with-abi=m64 --with-multilib-list=m32,m64,mx32 --enable-multilib --with-tune=generic --enable-offload-targets=nvptx-none=/build/gcc-11-XeT9lY/gcc-11-11.4.0/debian/tmp-nvptx/usr,amdgcn-amdhsa=/build/gcc-11-XeT9lY/gcc-11-11.4.0/debian/tmp-gcn/usr --without-cuda-driver --enable-checking=release --build=x86_64-linux-gnu --host=x86_64-linux-gnu --target=x86_64-linux-gnu --with-build-config=bootstrap-lto-lean --enable-link-serialization=2
Thread model: posix
Supported LTO compression algorithms: zlib zstd
gcc version 11.4.0 (Ubuntu 11.4.0-1ubuntu1~22.04) 
... rest of stderr output deleted ...
configure:4389: $? = 0
configure:4378: gcc -V >&5
gcc: error: unrecognized command-line option '-V'
gcc: fatal error: no input files
compilation terminated.
configure:4389: $? = 1
configure:4378: gcc -qversion >&5
gcc: error: unrecognized command-line option '-qversion'; did you mean '--version'?
gcc: fatal error: no input files
compilation terminated.
configure:4389: $? = 1
configure:4378: gcc -version >&5
gcc: error: unrecognized command-line option '-version'
gcc: fatal error: no input files
compilation terminated.
configure:4389: $? = 1
configure:4409: checking whether the C compiler works
configure:4431: gcc    conftest.c  >&5
configure:4435: $? = 0
configure:4485: result: yes
configure:4488: checking for C compiler default output file name
configure:4490: result: a.out
configure:4496: checking for suffix of executables
configure:4503: gcc -o conftest    conftest.c  >&5
configure:4507: $? = 0
configure:4530: result: 
configure:4552: checking whether we are cross compiling
configure:4560: gcc -o conftest    conftest.c  >&5
configure:4564: $? = 0
configure:4571: ./conftest
configure:4575: $? = 0
configure:4590: result: no
configure:4595: checking for suffix of object files
configure:4618: gcc -c   conftest.c >&5
configure:4622: $? = 0
configure:4644: result: o
configure:4648: checking whether the compiler supports GNU C
configure:4668: gcc -c   conftest.c >&5
configure:4668: $? = 0
configure:4678: result: yes
configure:4689: checking whether gcc accepts -g
configure:4710: gcc -c -g  conftest.c >&5
configure:4710: $? = 0
configure:4754: result: yes
configure:4774: checking for gcc option to enable C11 features
configure:4789: gcc  -c -g -O2  conftest.c >&5
configure:4789: $? = 0
configure:4807: result: none needed
configure:4923: checking whether gcc understands -c and -o together
configure:4946: gcc -c conftest.c -o conftest2.o
configure:4949: $? = 0
configure:4946: gcc -c conftest.c -o conftest2.o
configure:4949: $? = 0
configure:4961: result: yes
configure:4981: checking whether make supports the include directive
configure:4996: make -f confmf.GNU && cat confinc.out
this is the am__doit target
configure:4999: $? = 0
configure:5018: result: yes (GNU style)
configure:5044: checking dependency style of gcc
configure:5156: result: gcc3
configure:5176: checking how to run the C preprocessor
configure:5202: gcc -E  conftest.c
configure:5202: $? = 0
configure:5217: gcc -E  conftest.c
conftest.c:11:10: fatal error: ac_nonexistent.h: No such file or directory
   11 | #include <ac_nonexistent.h>
      |          ^~~~~~~~~~~~~~~~~~
compilation terminated.
configure:5217: $? = 1
configure: failed program was:
| /* confdefs.h */
| #define PACKAGE_NAME "asn1c"
| #define PACKAGE_TARNAME "asn1c"
| #define PACKAGE_VERSION "0.9.29"
| #define PACKAGE_STRING "asn1c 0.9.29"
| #define PACKAGE_BUGREPORT "vlm@lionet.info"
| #define PACKAGE_URL ""
| #define PACKAGE "asn1c"
| #define VERSION "0.9.29"
| /* end confdefs.h.  */
| #include <ac_nonexistent.h>
configure:5244: result: gcc -E
configure:5258: gcc -E  conftest.c
configure:5258: $? = 0
configure:5273: gcc -E  conftest.c
conftest.c:11:10: fatal error: ac_nonexistent.h: No such file or directory
   11 | #include <ac_nonexistent.h>
      |          ^~~~~~~~~~~~~~~~~~
compilation terminated.
configure:5273: $? = 1
configure: failed program was:
| /* confdefs.h */
| #define PACKAGE_NAME "asn1c"
| #define PACKAGE_TARNAME "asn1c"
| #define PACKAGE_VERSION "0.9.29"
| #define PACKAGE_STRING "asn1c 0.9.29"
| #define PACKAGE_BUGREPORT "vlm@lionet.info"
| #define PACKAGE_URL ""
| #define PACKAGE "asn1c"
| #define VERSION "0.9.29"
| /* end confdefs.h.  */
| #include <ac_nonexistent.h>
configure:5304: checking whether ln -s works
configure:5308: result: yes
configure:5315: checking whether make sets $(MAKE)
configure:5338: result: yes
configure:5351: checking for bison
configure:5372: found /usr/bin/bison
configure:5383: result: bison -y
configure:5400: checking for flex
configure:5421: found /usr/bin/flex
configure:5432: result: flex
configure:5481: checking for lex output file root
configure:5494: flex conftest.l
configure:5498: $? = 0
configure:5506: result: lex.yy
configure:5521: checking for lex library
configure:5546: gcc -o conftest -g -O2   conftest.c  >&5
configure:5546: $? = 0
configure:5559: result: none needed
configure:5574: checking for library containing yywrap
configure:5604: gcc -o conftest -g -O2   conftest.c  >&5
/usr/bin/ld: /tmp/ccxAi0lV.o: in function `main':
/home/sofia/v2x-test/etsi-data-test/asn1c-master/conftest.c:19: undefined reference to `yywrap'
collect2: error: ld returned 1 exit status
configure:5604: $? = 1
configure: failed program was:
| /* confdefs.h */
| #define PACKAGE_NAME "asn1c"
| #define PACKAGE_TARNAME "asn1c"
| #define PACKAGE_VERSION "0.9.29"
| #define PACKAGE_STRING "asn1c 0.9.29"
| #define PACKAGE_BUGREPORT "vlm@lionet.info"
| #define PACKAGE_URL ""
| #define PACKAGE "asn1c"
| #define VERSION "0.9.29"
| /* end confdefs.h.  */
| 
| /* Override any GCC internal prototype to avoid an error.
|    Use char because int might match the return type of a GCC
|    builtin and then its argument prototype would still apply.  */
| char yywrap ();
| int
| main (void)
| {
| return yywrap ();
|   ;
|   return 0;
| }
configure:5604: gcc -o conftest -g -O2   conftest.c -lfl   >&5
/usr/bin/ld: /usr/lib/gcc/x86_64-linux-gnu/11/../../../x86_64-linux-gnu/libfl.so: undefined reference to `yylex'
collect2: error: ld returned 1 exit status
configure:5604: $? = 1
configure: failed program was:
| /* confdefs.h */
| #define PACKAGE_NAME "asn1c"
| #define PACKAGE_TARNAME "asn1c"
| #define PACKAGE_VERSION "0.9.29"
| #define PACKAGE_STRING "asn1c 0.9.29"
| #define PACKAGE_BUGREPORT "vlm@lionet.info"
| #define PACKAGE_URL ""
| #define PACKAGE "asn1c"
| #define VERSION "0.9.29"
| /* end confdefs.h.  */
| 
| /* Override any GCC internal prototype to avoid an error.
|    Use char because int might match the return type of a GCC
|    builtin and then its argument prototype would still apply.  */
| char yywrap ();
| int
| main (void)
| {
| return yywrap ();
|   ;
|   return 0;
| }
configure:5604: gcc -o conftest -g -O2   conftest.c -ll   >&5
configure:5604: $? = 0
configure:5624: result: -ll
configure:5640: checking whether yytext is a pointer
configure:5656: gcc -c -g -O2  conftest.c >&5
configure:5656: $? = 0
configure:5663: result: yes
configure:5733: checking for ar
configure:5754: found /usr/bin/ar
configure:5765: result: ar
configure:5791: checking the archiver (ar) interface
configure:5808: gcc -c -g -O2  conftest.c >&5
configure:5808: $? = 0
configure:5811: ar cru libconftest.a conftest.o >&5
ar: `u' modifier ignored since `D' is the default (see `U')
configure:5814: $? = 0
configure:5842: result: ar
configure:5932: checking for g++
configure:5953: found /usr/bin/g++
configure:5964: result: g++
configure:5991: checking for C++ compiler version
configure:6000: g++ --version >&5
g++ (Ubuntu 11.4.0-1ubuntu1~22.04) 11.4.0
Copyright (C) 2021 Free Software Foundation, Inc.
This is free software; see the source for copying conditions.  There is NO
warranty; not even for MERCHANTABILITY or FITNESS FOR A PARTICULAR PURPOSE.

configure:6011: $? = 0
configure:6000: g++ -v >&5
Using built-in specs.
COLLECT_GCC=g++
COLLECT_LTO_WRAPPER=/usr/lib/gcc/x86_64-linux-gnu/11/lto-wrapper
OFFLOAD_TARGET_NAMES=nvptx-none:amdgcn-amdhsa
OFFLOAD_TARGET_DEFAULT=1
Target: x86_64-linux-gnu
Configured with: ../src/configure -v --with-pkgversion='Ubuntu 11.4.0-1ubuntu1~22.04' --with-bugurl=file:///usr/share/doc/gcc-11/README.Bugs --enable-languages=c,ada,c++,go,brig,d,fortran,objc,obj-c++,m2 --prefix=/usr --with-gcc-major-version-only --program-suffix=-11 --program-prefix=x86_64-linux-gnu- --enable-shared --enable-linker-build-id --libexecdir=/usr/lib --without-included-gettext --enable-threads=posix --libdir=/usr/lib --enable-nls --enable-bootstrap --enable-clocale=gnu --enable-libstdcxx-debug --enable-libstdcxx-time=yes --with-default-libstdcxx-abi=new --enable-gnu-unique-object --disable-vtable-verify --enable-plugin --enable-default-pie --with-system-zlib --enable-libphobos-checking=release --with-target-system-zlib=auto --enable-objc-gc=auto --enable-multiarch --disable-werror --enable-cet --with-arch-32=i686 --with-abi=m64 --with-multilib-list=m32,m64,mx32 --enable-multilib --with-tune=generic --enable-offload-targets=nvptx-none=/build/gcc-11-XeT9lY/gcc-11-11.4.0/debian/tmp-nvptx/usr,amdgcn-amdhsa=/build/gcc-11-XeT9lY/gcc-11-11.4.0/debian/tmp-gcn/usr --without-cuda-driver --enable-checking=release --build=x86_64-linux-gnu --host=x86_64-linux-gnu --target=x86_64-linux-gnu --with-build-config=bootstrap-lto-lean --enable-link-serialization=2
Thread model: posix
Supported LTO compression algorithms: zlib zstd
gcc version 11.4.0 (Ubuntu 11.4.0-1ubuntu1~22.04) 
... rest of stderr output deleted ...
configure:6011: $? = 0
configure:6000: g++ -V >&5
g++: error: unrecognized command-line option '-V'
g++: fatal error: no input files
compilation terminated.
configure:6011: $? = 1
configure:6000: g++ -qversion >&5
g++: error: unrecognized command-line option '-qversion'; did you mean '--version'?
g++: fatal error: no input files
compilation terminated.
configure:6011: $? = 1
configure:6015: checking whether the compiler supports GNU C++
configure:6035: g++ -c   conftest.cpp >&5
configure:6035: $? = 0
configure:6045: result: yes
configure:6056: checking whether g++ accepts -g
configure:6077: g++ -c -g  conftest.cpp >&5
configure:6077: $? = 0
configure:6121: result: yes
configure:6141: checking for g++ option to enable C++11 features
configure:6156: g++  -c -g -O2  conftest.cpp >&5
conftest.cpp: In function 'int main(int, char**)':
conftest.cpp:178:25: warning: empty parentheses were disambiguated as a function declaration [-Wvexing-parse]
  178 |   cxx11test::delegate d2();
      |                         ^~
conftest.cpp:178:25: note: remove parentheses to default-initialize a variable
  178 |   cxx11test::delegate d2();
      |                         ^~
      |                         --
conftest.cpp:178:25: note: or replace parentheses with braces to value-initialize a variable
configure:6156: $? = 0
configure:6174: result: none needed
configure:6240: checking dependency style of g++
configure:6352: result: gcc3
configure:6401: checking build system type
configure:6416: result: x86_64-pc-linux-gnu
configure:6436: checking host system type
configure:6450: result: x86_64-pc-linux-gnu
configure:6491: checking how to print strings
configure:6518: result: printf
configure:6539: checking for a sed that does not truncate output
configure:6609: result: /usr/bin/sed
configure:6627: checking for grep that handles long lines and -e
configure:6691: result: /usr/bin/grep
configure:6696: checking for egrep
configure:6764: result: /usr/bin/grep -E
configure:6769: checking for fgrep
configure:6837: result: /usr/bin/grep -F
configure:6873: checking for ld used by gcc
configure:6941: result: /usr/bin/ld
configure:6948: checking if the linker (/usr/bin/ld) is GNU ld
configure:6964: result: yes
configure:6976: checking for BSD- or MS-compatible name lister (nm)
configure:7031: result: /usr/bin/nm -B
configure:7171: checking the name lister (/usr/bin/nm -B) interface
configure:7179: gcc -c -g -O2  conftest.c >&5
configure:7182: /usr/bin/nm -B "conftest.o"
configure:7185: output
0000000000000000 B some_variable
configure:7192: result: BSD nm
configure:7196: checking the maximum length of command line arguments
configure:7328: result: 1572864
configure:7376: checking how to convert x86_64-pc-linux-gnu file names to x86_64-pc-linux-gnu format
configure:7417: result: func_convert_file_noop
configure:7424: checking how to convert x86_64-pc-linux-gnu file names to toolchain format
configure:7445: result: func_convert_file_noop
configure:7452: checking for /usr/bin/ld option to reload object files
configure:7460: result: -r
configure:7539: checking for objdump
configure:7560: found /usr/bin/objdump
configure:7571: result: objdump
configure:7603: checking how to recognize dependent libraries
configure:7804: result: pass_all
configure:7894: checking for dlltool
configure:7929: result: no
configure:7959: checking how to associate runtime and link libraries
configure:7987: result: printf %s\n
configure:8121: checking for archiver @FILE support
configure:8139: gcc -c -g -O2  conftest.c >&5
configure:8139: $? = 0
configure:8143: ar cr libconftest.a @conftest.lst >&5
configure:8146: $? = 0
configure:8151: ar cr libconftest.a @conftest.lst >&5
ar: conftest.o: No such file or directory
configure:8154: $? = 1
configure:8166: result: @
configure:8229: checking for strip
configure:8250: found /usr/bin/strip
configure:8261: result: strip
configure:8338: checking for ranlib
configure:8359: found /usr/bin/ranlib
configure:8370: result: ranlib
configure:8472: checking command to parse /usr/bin/nm -B output from gcc object
configure:8626: gcc -c -g -O2  conftest.c >&5
configure:8629: $? = 0
configure:8633: /usr/bin/nm -B conftest.o | sed -n -e 's/^.*[	 ]\([ABCDGIRSTW][ABCDGIRSTW]*\)[	 ][	 ]*\([_A-Za-z][_A-Za-z0-9]*\)$/\1 \2 \2/p' | sed '/ __gnu_lto/d' > conftest.nm
configure:8699: gcc -o conftest -g -O2   conftest.c conftstm.o >&5
configure:8702: $? = 0
configure:8740: result: ok
configure:8787: checking for sysroot
configure:8818: result: no
configure:8825: checking for a working dd
configure:8869: result: /usr/bin/dd
configure:8873: checking how to truncate binary pipes
configure:8889: result: /usr/bin/dd bs=4096 count=1
configure:9026: gcc -c -g -O2  conftest.c >&5
configure:9029: $? = 0
configure:9226: checking for mt
configure:9247: found /usr/bin/mt
configure:9258: result: mt
configure:9281: checking if mt is a manifest tool
configure:9288: mt '-?'
configure:9296: result: no
configure:10026: checking for stdio.h
configure:10026: gcc -c -g -O2  conftest.c >&5
configure:10026: $? = 0
configure:10026: result: yes
configure:10026: checking for stdlib.h
configure:10026: gcc -c -g -O2  conftest.c >&5
configure:10026: $? = 0
configure:10026: result: yes
configure:10026: checking for string.h
configure:10026: gcc -c -g -O2  conftest.c >&5
configure:10026: $? = 0
configure:10026: result: yes
configure:10026: checking for inttypes.h
configure:10026: gcc -c -g -O2  conftest.c >&5
configure:10026: $? = 0
configure:10026: result: yes
configure:10026: checking for stdint.h
configure:10026: gcc -c -g -O2  conftest.c >&5
configure:10026: $? = 0
configure:10026: result: yes
configure:10026: checking for strings.h
configure:10026: gcc -c -g -O2  conftest.c >&5
configure:10026: $? = 0
configure:10026: result: yes
configure:10026: checking for sys/stat.h
configure:10026: gcc -c -g -O2  conftest.c >&5
configure:10026: $? = 0
configure:10026: result: yes
configure:10026: checking for sys/types.h
configure:10026: gcc -c -g -O2  conftest.c >&5
configure:10026: $? = 0
configure:10026: result: yes
configure:10026: checking for unistd.h
configure:10026: gcc -c -g -O2  conftest.c >&5
configure:10026: $? = 0
configure:10026: result: yes
configure:10051: checking for dlfcn.h
configure:10051: gcc -c -g -O2  conftest.c >&5
configure:10051: $? = 0
configure:10051: result: yes
configure:10321: checking for objdir
configure:10337: result: .libs
configure:10601: checking if gcc supports -fno-rtti -fno-exceptions
configure:10620: gcc -c -g -O2  -fno-rtti -fno-exceptions conftest.c >&5
cc1: warning: command-line option '-fno-rtti' is valid for C++/D/ObjC++ but not for C
configure:10624: $? = 0
configure:10637: result: no
configure:11001: checking for gcc option to produce PIC
configure:11009: result: -fPIC -DPIC
configure:11017: checking if gcc PIC flag -fPIC -DPIC works
configure:11036: gcc -c -g -O2  -fPIC -DPIC -DPIC conftest.c >&5
configure:11040: $? = 0
configure:11053: result: yes
configure:11082: checking if gcc static flag -static works
configure:11111: result: yes
configure:11126: checking if gcc supports -c -o file.o
configure:11148: gcc -c -g -O2  -o out/conftest2.o conftest.c >&5
configure:11152: $? = 0
configure:11174: result: yes
configure:11182: checking if gcc supports -c -o file.o
configure:11230: result: yes
configure:11263: checking whether the gcc linker (/usr/bin/ld -m elf_x86_64) supports shared libraries
configure:12533: result: yes
configure:12570: checking whether -lc should be explicitly linked in
configure:12579: gcc -c -g -O2  conftest.c >&5
configure:12582: $? = 0
configure:12597: gcc -shared  -fPIC -DPIC conftest.o  -v -Wl,-soname -Wl,conftest -o conftest 2\>\&1 \| /usr/bin/grep  -lc  \>/dev/null 2\>\&1
configure:12600: $? = 0
configure:12614: result: no
configure:12774: checking dynamic linker characteristics
configure:13356: gcc -o conftest -g -O2   -Wl,-rpath -Wl,/foo conftest.c  >&5
configure:13356: $? = 0
configure:13607: result: GNU/Linux ld.so
configure:13729: checking how to hardcode library paths into programs
configure:13754: result: immediate
configure:14306: checking whether stripping libraries is possible
configure:14311: result: yes
configure:14346: checking if libtool supports shared libraries
configure:14348: result: yes
configure:14351: checking whether to build shared libraries
configure:14376: result: yes
configure:14379: checking whether to build static libraries
configure:14383: result: yes
configure:14406: checking how to run the C++ preprocessor
configure:14428: g++ -E  conftest.cpp
configure:14428: $? = 0
configure:14443: g++ -E  conftest.cpp
conftest.cpp:24:10: fatal error: ac_nonexistent.h: No such file or directory
   24 | #include <ac_nonexistent.h>
      |          ^~~~~~~~~~~~~~~~~~
compilation terminated.
configure:14443: $? = 1
configure: failed program was:
| /* confdefs.h */
| #define PACKAGE_NAME "asn1c"
| #define PACKAGE_TARNAME "asn1c"
| #define PACKAGE_VERSION "0.9.29"
| #define PACKAGE_STRING "asn1c 0.9.29"
| #define PACKAGE_BUGREPORT "vlm@lionet.info"
| #define PACKAGE_URL ""
| #define PACKAGE "asn1c"
| #define VERSION "0.9.29"
| #define YYTEXT_POINTER 1
| #define HAVE_STDIO_H 1
| #define HAVE_STDLIB_H 1
| #define HAVE_STRING_H 1
| #define HAVE_INTTYPES_H 1
| #define HAVE_STDINT_H 1
| #define HAVE_STRINGS_H 1
| #define HAVE_SYS_STAT_H 1
| #define HAVE_SYS_TYPES_H 1
| #define HAVE_UNISTD_H 1
| #define STDC_HEADERS 1
| #define HAVE_DLFCN_H 1
| #define LT_OBJDIR ".libs/"
| /* end confdefs.h.  */
| #include <ac_nonexistent.h>
configure:14470: result: g++ -E
configure:14484: g++ -E  conftest.cpp
configure:14484: $? = 0
configure:14499: g++ -E  conftest.cpp
conftest.cpp:24:10: fatal error: ac_nonexistent.h: No such file or directory
   24 | #include <ac_nonexistent.h>
      |          ^~~~~~~~~~~~~~~~~~
compilation terminated.
configure:14499: $? = 1
configure: failed program was:
| /* confdefs.h */
| #define PACKAGE_NAME "asn1c"
| #define PACKAGE_TARNAME "asn1c"
| #define PACKAGE_VERSION "0.9.29"
| #define PACKAGE_STRING "asn1c 0.9.29"
| #define PACKAGE_BUGREPORT "vlm@lionet.info"
| #define PACKAGE_URL ""
| #define PACKAGE "asn1c"
| #define VERSION "0.9.29"
| #define YYTEXT_POINTER 1
| #define HAVE_STDIO_H 1
| #define HAVE_STDLIB_H 1
| #define HAVE_STRING_H 1
| #define HAVE_INTTYPES_H 1
| #define HAVE_STDINT_H 1
| #define HAVE_STRINGS_H 1
| #define HAVE_SYS_STAT_H 1
| #define HAVE_SYS_TYPES_H 1
| #define HAVE_UNISTD_H 1
| #define STDC_HEADERS 1
| #define HAVE_DLFCN_H 1
| #define LT_OBJDIR ".libs/"
| /* end confdefs.h.  */
| #include <ac_nonexistent.h>
configure:14664: checking for ld used by g++
configure:14732: result: /usr/bin/ld -m elf_x86_64
configure:14739: checking if the linker (/usr/bin/ld -m elf_x86_64) is GNU ld
configure:14755: result: yes
configure:14810: checking whether the g++ linker (/usr/bin/ld -m elf_x86_64) supports shared libraries
configure:15887: result: yes
configure:15923: g++ -c -std=c++11  conftest.cpp >&5
configure:15926: $? = 0
configure:16407: checking for g++ option to produce PIC
configure:16415: result: -fPIC -DPIC
configure:16423: checking if g++ PIC flag -fPIC -DPIC works
configure:16442: g++ -c -std=c++11  -fPIC -DPIC -DPIC conftest.cpp >&5
configure:16446: $? = 0
configure:16459: result: yes
configure:16482: checking if g++ static flag -static works
configure:16511: result: yes
configure:16523: checking if g++ supports -c -o file.o
configure:16545: g++ -c -std=c++11  -o out/conftest2.o conftest.cpp >&5
configure:16549: $? = 0
configure:16571: result: yes
configure:16576: checking if g++ supports -c -o file.o
configure:16624: result: yes
configure:16654: checking whether the g++ linker (/usr/bin/ld -m elf_x86_64) supports shared libraries
configure:16697: result: yes
configure:16839: checking dynamic linker characteristics
configure:17599: result: GNU/Linux ld.so
configure:17664: checking how to hardcode library paths into programs
configure:17689: result: immediate
configure:17763: checking whether make supports nested variables
configure:17781: result: yes
configure:17818: checking whether C compiler accepts -Wall
configure:17838: gcc -c -g -O2  -Wall  conftest.c >&5
configure:17838: $? = 0
configure:17847: result: yes
configure:17856: checking whether C compiler accepts -Wcast-qual
configure:17876: gcc -c -g -O2 -Wall  -Wcast-qual  conftest.c >&5
configure:17876: $? = 0
configure:17885: result: yes
configure:17894: checking whether C compiler accepts -Wchar-subscripts
configure:17914: gcc -c -g -O2 -Wall -Wcast-qual  -Wchar-subscripts  conftest.c >&5
configure:17914: $? = 0
configure:17923: result: yes
configure:17932: checking whether C compiler accepts -Wmissing-prototypes
configure:17952: gcc -c -g -O2 -Wall -Wcast-qual -Wchar-subscripts  -Wmissing-prototypes  conftest.c >&5
configure:17952: $? = 0
configure:17961: result: yes
configure:17970: checking whether C compiler accepts -Wmissing-declarations
configure:17990: gcc -c -g -O2 -Wall -Wcast-qual -Wchar-subscripts -Wmissing-prototypes  -Wmissing-declarations  conftest.c >&5
configure:17990: $? = 0
configure:17999: result: yes
configure:18009: checking whether C compiler accepts -Wno-error=attributes
configure:18029: gcc -c -g -O2 -Wall -Wcast-qual -Wchar-subscripts -Wmissing-prototypes -Wmissing-declarations  -Wno-error=attributes  conftest.c >&5
configure:18029: $? = 0
configure:18038: result: yes
configure:18047: checking whether C compiler accepts -Wno-error=cast-align
configure:18067: gcc -c -g -O2 -Wall -Wcast-qual -Wchar-subscripts -Wmissing-prototypes -Wmissing-declarations -Wno-error=attributes  -Wno-error=cast-align  conftest.c >&5
configure:18067: $? = 0
configure:18076: result: yes
configure:18085: checking whether C compiler accepts -Wno-error=visibility
configure:18105: gcc -c -g -O2 -Wall -Wcast-qual -Wchar-subscripts -Wmissing-prototypes -Wmissing-declarations -Wno-error=attributes -Wno-error=cast-align  -Wno-error=visibility  conftest.c >&5
cc1: error: '-Wno-error=visibility': no option '-Wvisibility'; did you mean '-fvisibility='?
configure:18105: $? = 1
configure: failed program was:
| /* confdefs.h */
| #define PACKAGE_NAME "asn1c"
| #define PACKAGE_TARNAME "asn1c"
| #define PACKAGE_VERSION "0.9.29"
| #define PACKAGE_STRING "asn1c 0.9.29"
| #define PACKAGE_BUGREPORT "vlm@lionet.info"
| #define PACKAGE_URL ""
| #define PACKAGE "asn1c"
| #define VERSION "0.9.29"
| #define YYTEXT_POINTER 1
| #define HAVE_STDIO_H 1
| #define HAVE_STDLIB_H 1
| #define HAVE_STRING_H 1
| #define HAVE_INTTYPES_H 1
| #define HAVE_STDINT_H 1
| #define HAVE_STRINGS_H 1
| #define HAVE_SYS_STAT_H 1
| #define HAVE_SYS_TYPES_H 1
| #define HAVE_UNISTD_H 1
| #define STDC_HEADERS 1
| #define HAVE_DLFCN_H 1
| #define LT_OBJDIR ".libs/"
| /* end confdefs.h.  */
| 
| int
| main (void)
| {
| 
|   ;
|   return 0;
| }
configure:18114: result: no
configure:18123: checking whether C compiler accepts -Wno-error=parentheses-equality
configure:18143: gcc -c -g -O2 -Wall -Wcast-qual -Wchar-subscripts -Wmissing-prototypes -Wmissing-declarations -Wno-error=attributes -Wno-error=cast-align  -Wno-error=parentheses-equality  conftest.c >&5
cc1: error: '-Wno-error=parentheses-equality': no option '-Wparentheses-equality'
configure:18143: $? = 1
configure: failed program was:
| /* confdefs.h */
| #define PACKAGE_NAME "asn1c"
| #define PACKAGE_TARNAME "asn1c"
| #define PACKAGE_VERSION "0.9.29"
| #define PACKAGE_STRING "asn1c 0.9.29"
| #define PACKAGE_BUGREPORT "vlm@lionet.info"
| #define PACKAGE_URL ""
| #define PACKAGE "asn1c"
| #define VERSION "0.9.29"
| #define YYTEXT_POINTER 1
| #define HAVE_STDIO_H 1
| #define HAVE_STDLIB_H 1
| #define HAVE_STRING_H 1
| #define HAVE_INTTYPES_H 1
| #define HAVE_STDINT_H 1
| #define HAVE_STRINGS_H 1
| #define HAVE_SYS_STAT_H 1
| #define HAVE_SYS_TYPES_H 1
| #define HAVE_UNISTD_H 1
| #define STDC_HEADERS 1
| #define HAVE_DLFCN_H 1
| #define LT_OBJDIR ".libs/"
| /* end confdefs.h.  */
| 
| int
| main (void)
| {
| 
|   ;
|   return 0;
| }
configure:18152: result: no
configure:18161: checking whether C compiler accepts -std=gnu99
configure:18181: gcc -c -g -O2 -Wall -Wcast-qual -Wchar-subscripts -Wmissing-prototypes -Wmissing-declarations -Wno-error=attributes -Wno-error=cast-align  -std=gnu99  conftest.c >&5
configure:18181: $? = 0
configure:18190: result: yes
configure:18200: checking whether C compiler accepts -Wno-error=unused-variable
configure:18220: gcc -c -g -O2 -Wall -Wcast-qual -Wchar-subscripts -Wmissing-prototypes -Wmissing-declarations -Wno-error=attributes -Wno-error=cast-align -std=gnu99  -Wno-error=unused-variable  conftest.c >&5
configure:18220: $? = 0
configure:18229: result: yes
configure:18254: checking whether to build with code coverage support
configure:18275: result: no
configure:18756: checking whether C compiler accepts -std=c89
configure:18776: gcc -c -g -O2 -Wall -Wcast-qual -Wchar-subscripts -Wmissing-prototypes -Wmissing-declarations -Wno-error=attributes -Wno-error=cast-align -std=gnu99  -std=c89  conftest.c >&5
configure:18776: $? = 0
configure:18785: result: yes
configure:18794: checking whether C compiler accepts -Wpedantic
configure:18814: gcc -c -g -O2 -Wall -Wcast-qual -Wchar-subscripts -Wmissing-prototypes -Wmissing-declarations -Wno-error=attributes -Wno-error=cast-align -std=gnu99 -Werror -Wpedantic  conftest.c >&5
configure:18814: $? = 0
configure:18823: result: yes
configure:18926: checking whether C compiler accepts -Wno-long-long
configure:18946: gcc -c -g -O2 -Wall -Wcast-qual -Wchar-subscripts -Wmissing-prototypes -Wmissing-declarations -Wno-error=attributes -Wno-error=cast-align -std=gnu99  -Wno-long-long  conftest.c >&5
configure:18946: $? = 0
configure:18955: result: yes
configure:19060: checking whether C compiler and linker accept -fsanitize=undefined
configure:19081: gcc -o conftest -g -O2 -Wall -Wcast-qual -Wchar-subscripts -Wmissing-prototypes -Wmissing-declarations -Wno-error=attributes -Wno-error=cast-align -std=gnu99  -fsanitize=undefined   conftest.c  >&5
configure:19081: $? = 0
configure:19091: result: yes
configure:19110: checking whether C compiler accepts -fno-sanitize-recover=undefined
configure:19130: gcc -c -g -O2 -Wall -Wcast-qual -Wchar-subscripts -Wmissing-prototypes -Wmissing-declarations -Wno-error=attributes -Wno-error=cast-align -std=gnu99  -fno-sanitize-recover=undefined  conftest.c >&5
configure:19130: $? = 0
configure:19139: result: yes
configure:19149: checking whether C compiler and linker accept -fsanitize=unsigned-integer-overflow
configure:19169: gcc -o conftest -g -O2 -Wall -Wcast-qual -Wchar-subscripts -Wmissing-prototypes -Wmissing-declarations -Wno-error=attributes -Wno-error=cast-align -std=gnu99  -fsanitize=unsigned-integer-overflow   conftest.c  >&5
gcc: error: unrecognized argument to '-fsanitize=' option: 'unsigned-integer-overflow'; did you mean 'signed-integer-overflow'?
configure:19169: $? = 1
configure: failed program was:
| /* confdefs.h */
| #define PACKAGE_NAME "asn1c"
| #define PACKAGE_TARNAME "asn1c"
| #define PACKAGE_VERSION "0.9.29"
| #define PACKAGE_STRING "asn1c 0.9.29"
| #define PACKAGE_BUGREPORT "vlm@lionet.info"
| #define PACKAGE_URL ""
| #define PACKAGE "asn1c"
| #define VERSION "0.9.29"
| #define YYTEXT_POINTER 1
| #define HAVE_STDIO_H 1
| #define HAVE_STDLIB_H 1
| #define HAVE_STRING_H 1
| #define HAVE_INTTYPES_H 1
| #define HAVE_STDINT_H 1
| #define HAVE_STRINGS_H 1
| #define HAVE_SYS_STAT_H 1
| #define HAVE_SYS_TYPES_H 1
| #define HAVE_UNISTD_H 1
| #define STDC_HEADERS 1
| #define HAVE_DLFCN_H 1
| #define LT_OBJDIR ".libs/"
| /* end confdefs.h.  */
| int test(unsigned); int test(unsigned n) { return n + 1; }
| int
| main (void)
| {
| 
|   ;
|   return 0;
| }
configure:19179: result: no
configure:19188: checking whether C compiler accepts -fno-sanitize-recover=unsigned-integer-overflow
configure:19208: gcc -c -g -O2 -Wall -Wcast-qual -Wchar-subscripts -Wmissing-prototypes -Wmissing-declarations -Wno-error=attributes -Wno-error=cast-align -std=gnu99  -fno-sanitize-recover=unsigned-integer-overflow  conftest.c >&5
cc1: error: unrecognized argument to '-fno-sanitize-recover=' option: 'unsigned-integer-overflow'; did you mean 'signed-integer-overflow'?
configure:19208: $? = 1
configure: failed program was:
| /* confdefs.h */
| #define PACKAGE_NAME "asn1c"
| #define PACKAGE_TARNAME "asn1c"
| #define PACKAGE_VERSION "0.9.29"
| #define PACKAGE_STRING "asn1c 0.9.29"
| #define PACKAGE_BUGREPORT "vlm@lionet.info"
| #define PACKAGE_URL ""
| #define PACKAGE "asn1c"
| #define VERSION "0.9.29"
| #define YYTEXT_POINTER 1
| #define HAVE_STDIO_H 1
| #define HAVE_STDLIB_H 1
| #define HAVE_STRING_H 1
| #define HAVE_INTTYPES_H 1
| #define HAVE_STDINT_H 1
| #define HAVE_STRINGS_H 1
| #define HAVE_SYS_STAT_H 1
| #define HAVE_SYS_TYPES_H 1
| #define HAVE_UNISTD_H 1
| #define STDC_HEADERS 1
| #define HAVE_DLFCN_H 1
| #define LT_OBJDIR ".libs/"
| /* end confdefs.h.  */
| 
| int
| main (void)
| {
| 
|   ;
|   return 0;
| }
configure:19217: result: no
configure:19227: checking whether C compiler and linker accept -fsanitize=nullability
configure:19247: gcc -o conftest -g -O2 -Wall -Wcast-qual -Wchar-subscripts -Wmissing-prototypes -Wmissing-declarations -Wno-error=attributes -Wno-error=cast-align -std=gnu99  -fsanitize=nullability   conftest.c  >&5
gcc: error: unrecognized argument to '-fsanitize=' option: 'nullability'
configure:19247: $? = 1
configure: failed program was:
| /* confdefs.h */
| #define PACKAGE_NAME "asn1c"
| #define PACKAGE_TARNAME "asn1c"
| #define PACKAGE_VERSION "0.9.29"
| #define PACKAGE_STRING "asn1c 0.9.29"
| #define PACKAGE_BUGREPORT "vlm@lionet.info"
| #define PACKAGE_URL ""
| #define PACKAGE "asn1c"
| #define VERSION "0.9.29"
| #define YYTEXT_POINTER 1
| #define HAVE_STDIO_H 1
| #define HAVE_STDLIB_H 1
| #define HAVE_STRING_H 1
| #define HAVE_INTTYPES_H 1
| #define HAVE_STDINT_H 1
| #define HAVE_STRINGS_H 1
| #define HAVE_SYS_STAT_H 1
| #define HAVE_SYS_TYPES_H 1
| #define HAVE_UNISTD_H 1
| #define STDC_HEADERS 1
| #define HAVE_DLFCN_H 1
| #define LT_OBJDIR ".libs/"
| /* end confdefs.h.  */
| 
| int
| main (void)
| {
| 
|   ;
|   return 0;
| }
configure:19257: result: no
configure:19266: checking whether C compiler accepts -fno-sanitize-recover=nullability
configure:19286: gcc -c -g -O2 -Wall -Wcast-qual -Wchar-subscripts -Wmissing-prototypes -Wmissing-declarations -Wno-error=attributes -Wno-error=cast-align -std=gnu99  -fno-sanitize-recover=nullability  conftest.c >&5
cc1: error: unrecognized argument to '-fno-sanitize-recover=' option: 'nullability'
configure:19286: $? = 1
configure: failed program was:
| /* confdefs.h */
| #define PACKAGE_NAME "asn1c"
| #define PACKAGE_TARNAME "asn1c"
| #define PACKAGE_VERSION "0.9.29"
| #define PACKAGE_STRING "asn1c 0.9.29"
| #define PACKAGE_BUGREPORT "vlm@lionet.info"
| #define PACKAGE_URL ""
| #define PACKAGE "asn1c"
| #define VERSION "0.9.29"
| #define YYTEXT_POINTER 1
| #define HAVE_STDIO_H 1
| #define HAVE_STDLIB_H 1
| #define HAVE_STRING_H 1
| #define HAVE_INTTYPES_H 1
| #define HAVE_STDINT_H 1
| #define HAVE_STRINGS_H 1
| #define HAVE_SYS_STAT_H 1
| #define HAVE_SYS_TYPES_H 1
| #define HAVE_UNISTD_H 1
| #define STDC_HEADERS 1
| #define HAVE_DLFCN_H 1
| #define LT_OBJDIR ".libs/"
| /* end confdefs.h.  */
| 
| int
| main (void)
| {
| 
|   ;
|   return 0;
| }
configure:19295: result: no
configure:19305: checking whether C compiler accepts -fno-omit-frame-pointer
configure:19325: gcc -c -g -O2 -Wall -Wcast-qual -Wchar-subscripts -Wmissing-prototypes -Wmissing-declarations -Wno-error=attributes -Wno-error=cast-align -std=gnu99  -fno-omit-frame-pointer  conftest.c >&5
configure:19325: $? = 0
configure:19334: result: yes
configure:19358: checking whether C compiler and linker accept -fsanitize=address
configure:19378: gcc -o conftest -g -O2 -Wall -Wcast-qual -Wchar-subscripts -Wmissing-prototypes -Wmissing-declarations -Wno-error=attributes -Wno-error=cast-align -std=gnu99  -fsanitize=address   conftest.c  >&5
configure:19378: $? = 0
configure:19388: result: yes
configure:19430: gcc -o conftest -g -O2 -Wall -Wcast-qual -Wchar-subscripts -Wmissing-prototypes -Wmissing-declarations -Wno-error=attributes -Wno-error=cast-align -std=gnu99  -fsanitize=undefined -fno-sanitize-recover=undefined -fno-omit-frame-pointer -fsanitize=address   conftest.c  >&5
configure:19430: $? = 0
configure:19430: ./conftest
configure:19430: $? = 0
configure:19443: checking whether C compiler accepts -fno-omit-frame-pointer
configure:19472: result: yes
configure:19556: checking for egrep
configure:19624: result: /usr/bin/grep -E
configure:19630: checking for sys/param.h
configure:19630: gcc -c -g -O2 -Wall -Wcast-qual -Wchar-subscripts -Wmissing-prototypes -Wmissing-declarations -Wno-error=attributes -Wno-error=cast-align -std=gnu99  conftest.c >&5
configure:19630: $? = 0
configure:19630: result: yes
configure:19638: checking whether byte ordering is bigendian
configure:19654: gcc -c -g -O2 -Wall -Wcast-qual -Wchar-subscripts -Wmissing-prototypes -Wmissing-declarations -Wno-error=attributes -Wno-error=cast-align -std=gnu99  conftest.c >&5
conftest.c:26:16: error: unknown type name 'not'
   26 |                not a universal capable compiler
      |                ^~~
conftest.c:26:22: error: expected '=', ',', ';', 'asm' or '__attribute__' before 'universal'
   26 |                not a universal capable compiler
      |                      ^~~~~~~~~
conftest.c:26:22: error: unknown type name 'universal'
configure:19654: $? = 1
configure: failed program was:
| /* confdefs.h */
| #define PACKAGE_NAME "asn1c"
| #define PACKAGE_TARNAME "asn1c"
| #define PACKAGE_VERSION "0.9.29"
| #define PACKAGE_STRING "asn1c 0.9.29"
| #define PACKAGE_BUGREPORT "vlm@lionet.info"
| #define PACKAGE_URL ""
| #define PACKAGE "asn1c"
| #define VERSION "0.9.29"
| #define YYTEXT_POINTER 1
| #define HAVE_STDIO_H 1
| #define HAVE_STDLIB_H 1
| #define HAVE_STRING_H 1
| #define HAVE_INTTYPES_H 1
| #define HAVE_STDINT_H 1
| #define HAVE_STRINGS_H 1
| #define HAVE_SYS_STAT_H 1
| #define HAVE_SYS_TYPES_H 1
| #define HAVE_UNISTD_H 1
| #define STDC_HEADERS 1
| #define HAVE_DLFCN_H 1
| #define LT_OBJDIR ".libs/"
| #define HAVE_SYS_PARAM_H 1
| /* end confdefs.h.  */
| #ifndef __APPLE_CC__
| 	       not a universal capable compiler
| 	     #endif
| 	     typedef int dummy;
| 
configure:19700: gcc -c -g -O2 -Wall -Wcast-qual -Wchar-subscripts -Wmissing-prototypes -Wmissing-declarations -Wno-error=attributes -Wno-error=cast-align -std=gnu99  conftest.c >&5
configure:19700: $? = 0
configure:19719: gcc -c -g -O2 -Wall -Wcast-qual -Wchar-subscripts -Wmissing-prototypes -Wmissing-declarations -Wno-error=attributes -Wno-error=cast-align -std=gnu99  conftest.c >&5
conftest.c: In function 'main':
conftest.c:32:18: error: unknown type name 'not'; did you mean 'ino_t'?
   32 |                  not big endian
      |                  ^~~
      |                  ino_t
conftest.c:32:26: error: expected '=', ',', ';', 'asm' or '__attribute__' before 'endian'
   32 |                  not big endian
      |                          ^~~~~~
configure:19719: $? = 1
configure: failed program was:
| /* confdefs.h */
| #define PACKAGE_NAME "asn1c"
| #define PACKAGE_TARNAME "asn1c"
| #define PACKAGE_VERSION "0.9.29"
| #define PACKAGE_STRING "asn1c 0.9.29"
| #define PACKAGE_BUGREPORT "vlm@lionet.info"
| #define PACKAGE_URL ""
| #define PACKAGE "asn1c"
| #define VERSION "0.9.29"
| #define YYTEXT_POINTER 1
| #define HAVE_STDIO_H 1
| #define HAVE_STDLIB_H 1
| #define HAVE_STRING_H 1
| #define HAVE_INTTYPES_H 1
| #define HAVE_STDINT_H 1
| #define HAVE_STRINGS_H 1
| #define HAVE_SYS_STAT_H 1
| #define HAVE_SYS_TYPES_H 1
| #define HAVE_UNISTD_H 1
| #define STDC_HEADERS 1
| #define HAVE_DLFCN_H 1
| #define LT_OBJDIR ".libs/"
| #define HAVE_SYS_PARAM_H 1
| /* end confdefs.h.  */
| #include <sys/types.h>
| 		#include <sys/param.h>
| 
| int
| main (void)
| {
| #if BYTE_ORDER != BIG_ENDIAN
| 		 not big endian
| 		#endif
| 
|   ;
|   return 0;
| }
configure:19853: result: no
configure:19871: checking for off_t
configure:19871: gcc -c -g -O2 -Wall -Wcast-qual -Wchar-subscripts -Wmissing-prototypes -Wmissing-declarations -Wno-error=attributes -Wno-error=cast-align -std=gnu99  conftest.c >&5
configure:19871: $? = 0
configure:19871: gcc -c -g -O2 -Wall -Wcast-qual -Wchar-subscripts -Wmissing-prototypes -Wmissing-declarations -Wno-error=attributes -Wno-error=cast-align -std=gnu99  conftest.c >&5
conftest.c: In function 'main':
conftest.c:56:20: error: expected expression before ')' token
   56 | if (sizeof ((off_t)))
      |                    ^
configure:19871: $? = 1
configure: failed program was:
| /* confdefs.h */
| #define PACKAGE_NAME "asn1c"
| #define PACKAGE_TARNAME "asn1c"
| #define PACKAGE_VERSION "0.9.29"
| #define PACKAGE_STRING "asn1c 0.9.29"
| #define PACKAGE_BUGREPORT "vlm@lionet.info"
| #define PACKAGE_URL ""
| #define PACKAGE "asn1c"
| #define VERSION "0.9.29"
| #define YYTEXT_POINTER 1
| #define HAVE_STDIO_H 1
| #define HAVE_STDLIB_H 1
| #define HAVE_STRING_H 1
| #define HAVE_INTTYPES_H 1
| #define HAVE_STDINT_H 1
| #define HAVE_STRINGS_H 1
| #define HAVE_SYS_STAT_H 1
| #define HAVE_SYS_TYPES_H 1
| #define HAVE_UNISTD_H 1
| #define STDC_HEADERS 1
| #define HAVE_DLFCN_H 1
| #define LT_OBJDIR ".libs/"
| #define HAVE_SYS_PARAM_H 1
| /* end confdefs.h.  */
| #include <stddef.h>
| #ifdef HAVE_STDIO_H
| # include <stdio.h>
| #endif
| #ifdef HAVE_STDLIB_H
| # include <stdlib.h>
| #endif
| #ifdef HAVE_STRING_H
| # include <string.h>
| #endif
| #ifdef HAVE_INTTYPES_H
| # include <inttypes.h>
| #endif
| #ifdef HAVE_STDINT_H
| # include <stdint.h>
| #endif
| #ifdef HAVE_STRINGS_H
| # include <strings.h>
| #endif
| #ifdef HAVE_SYS_TYPES_H
| # include <sys/types.h>
| #endif
| #ifdef HAVE_SYS_STAT_H
| # include <sys/stat.h>
| #endif
| #ifdef HAVE_UNISTD_H
| # include <unistd.h>
| #endif
| int
| main (void)
| {
| if (sizeof ((off_t)))
| 	    return 0;
|   ;
|   return 0;
| }
configure:19871: result: yes
configure:19881: checking for size_t
configure:19881: gcc -c -g -O2 -Wall -Wcast-qual -Wchar-subscripts -Wmissing-prototypes -Wmissing-declarations -Wno-error=attributes -Wno-error=cast-align -std=gnu99  conftest.c >&5
configure:19881: $? = 0
configure:19881: gcc -c -g -O2 -Wall -Wcast-qual -Wchar-subscripts -Wmissing-prototypes -Wmissing-declarations -Wno-error=attributes -Wno-error=cast-align -std=gnu99  conftest.c >&5
conftest.c: In function 'main':
conftest.c:56:21: error: expected expression before ')' token
   56 | if (sizeof ((size_t)))
      |                     ^
configure:19881: $? = 1
configure: failed program was:
| /* confdefs.h */
| #define PACKAGE_NAME "asn1c"
| #define PACKAGE_TARNAME "asn1c"
| #define PACKAGE_VERSION "0.9.29"
| #define PACKAGE_STRING "asn1c 0.9.29"
| #define PACKAGE_BUGREPORT "vlm@lionet.info"
| #define PACKAGE_URL ""
| #define PACKAGE "asn1c"
| #define VERSION "0.9.29"
| #define YYTEXT_POINTER 1
| #define HAVE_STDIO_H 1
| #define HAVE_STDLIB_H 1
| #define HAVE_STRING_H 1
| #define HAVE_INTTYPES_H 1
| #define HAVE_STDINT_H 1
| #define HAVE_STRINGS_H 1
| #define HAVE_SYS_STAT_H 1
| #define HAVE_SYS_TYPES_H 1
| #define HAVE_UNISTD_H 1
| #define STDC_HEADERS 1
| #define HAVE_DLFCN_H 1
| #define LT_OBJDIR ".libs/"
| #define HAVE_SYS_PARAM_H 1
| /* end confdefs.h.  */
| #include <stddef.h>
| #ifdef HAVE_STDIO_H
| # include <stdio.h>
| #endif
| #ifdef HAVE_STDLIB_H
| # include <stdlib.h>
| #endif
| #ifdef HAVE_STRING_H
| # include <string.h>
| #endif
| #ifdef HAVE_INTTYPES_H
| # include <inttypes.h>
| #endif
| #ifdef HAVE_STDINT_H
| # include <stdint.h>
| #endif
| #ifdef HAVE_STRINGS_H
| # include <strings.h>
| #endif
| #ifdef HAVE_SYS_TYPES_H
| # include <sys/types.h>
| #endif
| #ifdef HAVE_SYS_STAT_H
| # include <sys/stat.h>
| #endif
| #ifdef HAVE_UNISTD_H
| # include <unistd.h>
| #endif
| int
| main (void)
| {
| if (sizeof ((size_t)))
| 	    return 0;
|   ;
|   return 0;
| }
configure:19881: result: yes
configure:19891: checking whether struct tm is in sys/time.h or time.h
configure:19912: gcc -c -g -O2 -Wall -Wcast-qual -Wchar-subscripts -Wmissing-prototypes -Wmissing-declarations -Wno-error=attributes -Wno-error=cast-align -std=gnu99  conftest.c >&5
configure:19912: $? = 0
configure:19920: result: time.h
configure:19928: checking for __int128
configure:19928: gcc -c -g -O2 -Wall -Wcast-qual -Wchar-subscripts -Wmissing-prototypes -Wmissing-declarations -Wno-error=attributes -Wno-error=cast-align -std=gnu99  conftest.c >&5
configure:19928: $? = 0
configure:19928: gcc -c -g -O2 -Wall -Wcast-qual -Wchar-subscripts -Wmissing-prototypes -Wmissing-declarations -Wno-error=attributes -Wno-error=cast-align -std=gnu99  conftest.c >&5
conftest.c: In function 'main':
conftest.c:56:23: error: expected expression before ')' token
   56 | if (sizeof ((__int128)))
      |                       ^
configure:19928: $? = 1
configure: failed program was:
| /* confdefs.h */
| #define PACKAGE_NAME "asn1c"
| #define PACKAGE_TARNAME "asn1c"
| #define PACKAGE_VERSION "0.9.29"
| #define PACKAGE_STRING "asn1c 0.9.29"
| #define PACKAGE_BUGREPORT "vlm@lionet.info"
| #define PACKAGE_URL ""
| #define PACKAGE "asn1c"
| #define VERSION "0.9.29"
| #define YYTEXT_POINTER 1
| #define HAVE_STDIO_H 1
| #define HAVE_STDLIB_H 1
| #define HAVE_STRING_H 1
| #define HAVE_INTTYPES_H 1
| #define HAVE_STDINT_H 1
| #define HAVE_STRINGS_H 1
| #define HAVE_SYS_STAT_H 1
| #define HAVE_SYS_TYPES_H 1
| #define HAVE_UNISTD_H 1
| #define STDC_HEADERS 1
| #define HAVE_DLFCN_H 1
| #define LT_OBJDIR ".libs/"
| #define HAVE_SYS_PARAM_H 1
| /* end confdefs.h.  */
| #include <stddef.h>
| #ifdef HAVE_STDIO_H
| # include <stdio.h>
| #endif
| #ifdef HAVE_STDLIB_H
| # include <stdlib.h>
| #endif
| #ifdef HAVE_STRING_H
| # include <string.h>
| #endif
| #ifdef HAVE_INTTYPES_H
| # include <inttypes.h>
| #endif
| #ifdef HAVE_STDINT_H
| # include <stdint.h>
| #endif
| #ifdef HAVE_STRINGS_H
| # include <strings.h>
| #endif
| #ifdef HAVE_SYS_TYPES_H
| # include <sys/types.h>
| #endif
| #ifdef HAVE_SYS_STAT_H
| # include <sys/stat.h>
| #endif
| #ifdef HAVE_UNISTD_H
| # include <unistd.h>
| #endif
| int
| main (void)
| {
| if (sizeof ((__int128)))
| 	    return 0;
|   ;
|   return 0;
| }
configure:19928: result: yes
configure:19936: checking for intmax_t
configure:19936: gcc -c -g -O2 -Wall -Wcast-qual -Wchar-subscripts -Wmissing-prototypes -Wmissing-declarations -Wno-error=attributes -Wno-error=cast-align -std=gnu99  conftest.c >&5
configure:19936: $? = 0
configure:19936: gcc -c -g -O2 -Wall -Wcast-qual -Wchar-subscripts -Wmissing-prototypes -Wmissing-declarations -Wno-error=attributes -Wno-error=cast-align -std=gnu99  conftest.c >&5
conftest.c: In function 'main':
conftest.c:57:23: error: expected expression before ')' token
   57 | if (sizeof ((intmax_t)))
      |                       ^
configure:19936: $? = 1
configure: failed program was:
| /* confdefs.h */
| #define PACKAGE_NAME "asn1c"
| #define PACKAGE_TARNAME "asn1c"
| #define PACKAGE_VERSION "0.9.29"
| #define PACKAGE_STRING "asn1c 0.9.29"
| #define PACKAGE_BUGREPORT "vlm@lionet.info"
| #define PACKAGE_URL ""
| #define PACKAGE "asn1c"
| #define VERSION "0.9.29"
| #define YYTEXT_POINTER 1
| #define HAVE_STDIO_H 1
| #define HAVE_STDLIB_H 1
| #define HAVE_STRING_H 1
| #define HAVE_INTTYPES_H 1
| #define HAVE_STDINT_H 1
| #define HAVE_STRINGS_H 1
| #define HAVE_SYS_STAT_H 1
| #define HAVE_SYS_TYPES_H 1
| #define HAVE_UNISTD_H 1
| #define STDC_HEADERS 1
| #define HAVE_DLFCN_H 1
| #define LT_OBJDIR ".libs/"
| #define HAVE_SYS_PARAM_H 1
| #define HAVE_128_BIT_INT 1
| /* end confdefs.h.  */
| #include <stddef.h>
| #ifdef HAVE_STDIO_H
| # include <stdio.h>
| #endif
| #ifdef HAVE_STDLIB_H
| # include <stdlib.h>
| #endif
| #ifdef HAVE_STRING_H
| # include <string.h>
| #endif
| #ifdef HAVE_INTTYPES_H
| # include <inttypes.h>
| #endif
| #ifdef HAVE_STDINT_H
| # include <stdint.h>
| #endif
| #ifdef HAVE_STRINGS_H
| # include <strings.h>
| #endif
| #ifdef HAVE_SYS_TYPES_H
| # include <sys/types.h>
| #endif
| #ifdef HAVE_SYS_STAT_H
| # include <sys/stat.h>
| #endif
| #ifdef HAVE_UNISTD_H
| # include <unistd.h>
| #endif
| int
| main (void)
| {
| if (sizeof ((intmax_t)))
| 	    return 0;
|   ;
|   return 0;
| }
configure:19936: result: yes
configure:19951: checking size of void *
configure:19957: gcc -o conftest -g -O2 -Wall -Wcast-qual -Wchar-subscripts -Wmissing-prototypes -Wmissing-declarations -Wno-error=attributes -Wno-error=cast-align -std=gnu99   conftest.c  >&5
configure:19957: $? = 0
configure:19957: ./conftest
configure:19957: $? = 0
configure:19972: result: 8
configure:19989: checking for library containing getopt
configure:20019: gcc -o conftest -g -O2 -Wall -Wcast-qual -Wchar-subscripts -Wmissing-prototypes -Wmissing-declarations -Wno-error=attributes -Wno-error=cast-align -std=gnu99   conftest.c  >&5
configure:20019: $? = 0
configure:20039: result: none required
configure:20049: checking for strtoimax
configure:20049: gcc -o conftest -g -O2 -Wall -Wcast-qual -Wchar-subscripts -Wmissing-prototypes -Wmissing-declarations -Wno-error=attributes -Wno-error=cast-align -std=gnu99   conftest.c  >&5
configure:20049: $? = 0
configure:20049: result: yes
configure:20055: checking for strtoll
configure:20055: gcc -o conftest -g -O2 -Wall -Wcast-qual -Wchar-subscripts -Wmissing-prototypes -Wmissing-declarations -Wno-error=attributes -Wno-error=cast-align -std=gnu99   conftest.c  >&5
configure:20055: $? = 0
configure:20055: result: yes
configure:20062: checking for mergesort
configure:20062: gcc -o conftest -g -O2 -Wall -Wcast-qual -Wchar-subscripts -Wmissing-prototypes -Wmissing-declarations -Wno-error=attributes -Wno-error=cast-align -std=gnu99   conftest.c  >&5
/usr/bin/ld: /tmp/ccfK09OM.o: in function `main':
/home/sofia/v2x-test/etsi-data-test/asn1c-master/conftest.c:56: undefined reference to `mergesort'
collect2: error: ld returned 1 exit status
configure:20062: $? = 1
configure: failed program was:
| /* confdefs.h */
| #define PACKAGE_NAME "asn1c"
| #define PACKAGE_TARNAME "asn1c"
| #define PACKAGE_VERSION "0.9.29"
| #define PACKAGE_STRING "asn1c 0.9.29"
| #define PACKAGE_BUGREPORT "vlm@lionet.info"
| #define PACKAGE_URL ""
| #define PACKAGE "asn1c"
| #define VERSION "0.9.29"
| #define YYTEXT_POINTER 1
| #define HAVE_STDIO_H 1
| #define HAVE_STDLIB_H 1
| #define HAVE_STRING_H 1
| #define HAVE_INTTYPES_H 1
| #define HAVE_STDINT_H 1
| #define HAVE_STRINGS_H 1
| #define HAVE_SYS_STAT_H 1
| #define HAVE_SYS_TYPES_H 1
| #define HAVE_UNISTD_H 1
| #define STDC_HEADERS 1
| #define HAVE_DLFCN_H 1
| #define LT_OBJDIR ".libs/"
| #define HAVE_SYS_PARAM_H 1
| #define HAVE_128_BIT_INT 1
| #define SIZEOF_VOID_P 8
| #define HAVE_STRTOIMAX 1
| #define HAVE_STRTOLL 1
| /* end confdefs.h.  */
| /* Define mergesort to an innocuous variant, in case <limits.h> declares mergesort.
|    For example, HP-UX 11i <limits.h> declares gettimeofday.  */
| #define mergesort innocuous_mergesort
| 
| /* System header to define __stub macros and hopefully few prototypes,
|    which can conflict with char mergesort (); below.  */
| 
| #include <limits.h>
| #undef mergesort
| 
| /* Override any GCC internal prototype to avoid an error.
|    Use char because int might match the return type of a GCC
|    builtin and then its argument prototype would still apply.  */
| #ifdef __cplusplus
| extern "C"
| #endif
| char mergesort ();
| /* The GNU C library defines this for functions which it implements
|     to always fail with ENOSYS.  Some functions are actually named
|     something starting with __ and the normal name is an alias.  */
| #if defined __stub_mergesort || defined __stub___mergesort
| choke me
| #endif
| 
| int
| main (void)
| {
| return mergesort ();
|   ;
|   return 0;
| }
configure:20062: result: no
configure:20069: checking for mkstemps
configure:20069: gcc -o conftest -g -O2 -Wall -Wcast-qual -Wchar-subscripts -Wmissing-prototypes -Wmissing-declarations -Wno-error=attributes -Wno-error=cast-align -std=gnu99   conftest.c  >&5
configure:20069: $? = 0
configure:20069: result: yes
configure:20076: checking for timegm
configure:20076: gcc -o conftest -g -O2 -Wall -Wcast-qual -Wchar-subscripts -Wmissing-prototypes -Wmissing-declarations -Wno-error=attributes -Wno-error=cast-align -std=gnu99   conftest.c  >&5
configure:20076: $? = 0
configure:20076: result: yes
configure:20083: checking for gcc options needed to detect all undeclared functions
configure:20105: gcc -c -g -O2 -Wall -Wcast-qual -Wchar-subscripts -Wmissing-prototypes -Wmissing-declarations -Wno-error=attributes -Wno-error=cast-align -std=gnu99   conftest.c >&5
conftest.c: In function 'main':
conftest.c:35:8: error: 'strchr' undeclared (first use in this function)
   35 | (void) strchr;
      |        ^~~~~~
conftest.c:1:1: note: 'strchr' is defined in header '<string.h>'; did you forget to '#include <string.h>'?
    1 | /* confdefs.h */
conftest.c:35:8: note: each undeclared identifier is reported only once for each function it appears in
   35 | (void) strchr;
      |        ^~~~~~
configure:20105: $? = 1
configure: failed program was:
| /* confdefs.h */
| #define PACKAGE_NAME "asn1c"
| #define PACKAGE_TARNAME "asn1c"
| #define PACKAGE_VERSION "0.9.29"
| #define PACKAGE_STRING "asn1c 0.9.29"
| #define PACKAGE_BUGREPORT "vlm@lionet.info"
| #define PACKAGE_URL ""
| #define PACKAGE "asn1c"
| #define VERSION "0.9.29"
| #define YYTEXT_POINTER 1
| #define HAVE_STDIO_H 1
| #define HAVE_STDLIB_H 1
| #define HAVE_STRING_H 1
| #define HAVE_INTTYPES_H 1
| #define HAVE_STDINT_H 1
| #define HAVE_STRINGS_H 1
| #define HAVE_SYS_STAT_H 1
| #define HAVE_SYS_TYPES_H 1
| #define HAVE_UNISTD_H 1
| #define STDC_HEADERS 1
| #define HAVE_DLFCN_H 1
| #define LT_OBJDIR ".libs/"
| #define HAVE_SYS_PARAM_H 1
| #define HAVE_128_BIT_INT 1
| #define SIZEOF_VOID_P 8
| #define HAVE_STRTOIMAX 1
| #define HAVE_STRTOLL 1
| #define HAVE_MKSTEMPS 1
| #define HAVE_TIMEGM 1
| /* end confdefs.h.  */
| 
| int
| main (void)
| {
| (void) strchr;
|   ;
|   return 0;
| }
configure:20132: gcc -c -g -O2 -Wall -Wcast-qual -Wchar-subscripts -Wmissing-prototypes -Wmissing-declarations -Wno-error=attributes -Wno-error=cast-align -std=gnu99   conftest.c >&5
configure:20132: $? = 0
configure:20149: result: none needed
configure:20163: checking whether strcasecmp is declared
configure:20163: gcc -c -g -O2 -Wall -Wcast-qual -Wchar-subscripts -Wmissing-prototypes -Wmissing-declarations -Wno-error=attributes -Wno-error=cast-align -std=gnu99   conftest.c >&5
configure:20163: $? = 0
configure:20163: result: yes
configure:20172: checking whether vasprintf is declared
configure:20172: gcc -c -g -O2 -Wall -Wcast-qual -Wchar-subscripts -Wmissing-prototypes -Wmissing-declarations -Wno-error=attributes -Wno-error=cast-align -std=gnu99   conftest.c >&5
conftest.c: In function 'main':
conftest.c:67:10: error: 'vasprintf' undeclared (first use in this function); did you mean 'vsprintf'?
   67 |   (void) vasprintf;
      |          ^~~~~~~~~
      |          vsprintf
conftest.c:67:10: note: each undeclared identifier is reported only once for each function it appears in
configure:20172: $? = 1
configure: failed program was:
| /* confdefs.h */
| #define PACKAGE_NAME "asn1c"
| #define PACKAGE_TARNAME "asn1c"
| #define PACKAGE_VERSION "0.9.29"
| #define PACKAGE_STRING "asn1c 0.9.29"
| #define PACKAGE_BUGREPORT "vlm@lionet.info"
| #define PACKAGE_URL ""
| #define PACKAGE "asn1c"
| #define VERSION "0.9.29"
| #define YYTEXT_POINTER 1
| #define HAVE_STDIO_H 1
| #define HAVE_STDLIB_H 1
| #define HAVE_STRING_H 1
| #define HAVE_INTTYPES_H 1
| #define HAVE_STDINT_H 1
| #define HAVE_STRINGS_H 1
| #define HAVE_SYS_STAT_H 1
| #define HAVE_SYS_TYPES_H 1
| #define HAVE_UNISTD_H 1
| #define STDC_HEADERS 1
| #define HAVE_DLFCN_H 1
| #define LT_OBJDIR ".libs/"
| #define HAVE_SYS_PARAM_H 1
| #define HAVE_128_BIT_INT 1
| #define SIZEOF_VOID_P 8
| #define HAVE_STRTOIMAX 1
| #define HAVE_STRTOLL 1
| #define HAVE_MKSTEMPS 1
| #define HAVE_TIMEGM 1
| #define HAVE_DECL_STRCASECMP 1
| /* end confdefs.h.  */
| #include <stddef.h>
| #ifdef HAVE_STDIO_H
| # include <stdio.h>
| #endif
| #ifdef HAVE_STDLIB_H
| # include <stdlib.h>
| #endif
| #ifdef HAVE_STRING_H
| # include <string.h>
| #endif
| #ifdef HAVE_INTTYPES_H
| # include <inttypes.h>
| #endif
| #ifdef HAVE_STDINT_H
| # include <stdint.h>
| #endif
| #ifdef HAVE_STRINGS_H
| # include <strings.h>
| #endif
| #ifdef HAVE_SYS_TYPES_H
| # include <sys/types.h>
| #endif
| #ifdef HAVE_SYS_STAT_H
| # include <sys/stat.h>
| #endif
| #ifdef HAVE_UNISTD_H
| # include <unistd.h>
| #endif
| int
| main (void)
| {
| #ifndef vasprintf
| #ifdef __cplusplus
|   (void) vasprintf;
| #else
|   (void) vasprintf;
| #endif
| #endif
| 
|   ;
|   return 0;
| }
configure:20172: result: no
configure:20196: gcc -o conftest -g -O2 -Wall -Wcast-qual -Wchar-subscripts -Wmissing-prototypes -Wmissing-declarations -Wno-error=attributes -Wno-error=cast-align -std=gnu99   conftest.c  >&5
configure:20196: $? = 0
configure:20207: checking for pandoc
configure:20245: result: no
configure:20362: checking that generated files are newer than configure
configure:20368: result: done
configure:20412: creating ./config.status

## ---------------------- ##
## Running config.status. ##
## ---------------------- ##

This file was extended by asn1c config.status 0.9.29, which was
generated by GNU Autoconf 2.71.  Invocation command line was

  CONFIG_FILES    = 
  CONFIG_HEADERS  = 
  CONFIG_LINKS    = 
  CONFIG_COMMANDS = 
  $ ./config.status 

on DESKTOP-K8LU3FT

config.status:1306: creating tests/tests-c-compiler/check-src/Makefile
config.status:1306: creating tests/tests-asn1c-compiler/Makefile
config.status:1306: creating tests/tests-asn1c-smoke/Makefile
config.status:1306: creating tests/tests-randomized/Makefile
config.status:1306: creating tests/tests-c-compiler/Makefile
config.status:1306: creating tests/tests-skeletons/Makefile
config.status:1306: creating asn1-tools/enber/Makefile
config.status:1306: creating asn1-tools/unber/Makefile
config.status:1306: creating asn1-tools/Makefile
config.status:1306: creating libasn1compiler/Makefile
config.status:1306: creating libasn1common/Makefile
config.status:1306: creating libasn1parser/Makefile
config.status:1306: creating libasn1print/Makefile
config.status:1306: creating libasn1fix/Makefile
config.status:1306: creating doc/docsrc/Makefile
config.status:1306: creating skeletons/Makefile
config.status:1306: creating examples/Makefile
config.status:1306: creating doc/man/Makefile
config.status:1306: creating tests/Makefile
config.status:1306: creating asn1c/Makefile
config.status:1306: creating doc/Makefile
config.status:1306: creating Makefile
config.status:1306: creating config.h
config.status:1535: executing depfiles commands
config.status:1612: cd tests/tests-randomized       && sed -e '/# am--include-marker/d' Makefile         | make -f - am--depfiles
config.status:1617: $? = 0
config.status:1612: cd tests/tests-skeletons       && sed -e '/# am--include-marker/d' Makefile         | make -f - am--depfiles
config.status:1617: $? = 0
config.status:1612: cd asn1-tools/enber       && sed -e '/# am--include-marker/d' Makefile         | make -f - am--depfiles
config.status:1617: $? = 0
config.status:1612: cd asn1-tools/unber       && sed -e '/# am--include-marker/d' Makefile         | make -f - am--depfiles
config.status:1617: $? = 0
config.status:1612: cd libasn1compiler       && sed -e '/# am--include-marker/d' Makefile         | make -f - am--depfiles
config.status:1617: $? = 0
config.status:1612: cd libasn1common       && sed -e '/# am--include-marker/d' Makefile         | make -f - am--depfiles
config.status:1617: $? = 0
config.status:1612: cd libasn1parser       && sed -e '/# am--include-marker/d' Makefile         | make -f - am--depfiles
config.status:1617: $? = 0
config.status:1612: cd libasn1print       && sed -e '/# am--include-marker/d' Makefile         | make -f - am--depfiles
config.status:1617: $? = 0
config.status:1612: cd libasn1fix       && sed -e '/# am--include-marker/d' Makefile         | make -f - am--depfiles
config.status:1617: $? = 0
config.status:1612: cd skeletons       && sed -e '/# am--include-marker/d' Makefile         | make -f - am--depfiles
config.status:1617: $? = 0
config.status:1612: cd asn1c       && sed -e '/# am--include-marker/d' Makefile         | make -f - am--depfiles
config.status:1617: $? = 0
config.status:1535: executing libtool commands

## ---------------- ##
## Cache variables. ##
## ---------------- ##

ac_cv_build=x86_64-pc-linux-gnu
ac_cv_c_bigendian=no
ac_cv_c_compiler_gnu=yes
ac_cv_c_undeclared_builtin_options='none needed'
ac_cv_cxx_compiler_gnu=yes
ac_cv_env_CCC_set=
ac_cv_env_CCC_value=
ac_cv_env_CC_set=
ac_cv_env_CC_value=
ac_cv_env_CFLAGS_set=
ac_cv_env_CFLAGS_value=
ac_cv_env_CPPFLAGS_set=
ac_cv_env_CPPFLAGS_value=
ac_cv_env_CPP_set=
ac_cv_env_CPP_value=
ac_cv_env_CXXCPP_set=
ac_cv_env_CXXCPP_value=
ac_cv_env_CXXFLAGS_set=
ac_cv_env_CXXFLAGS_value=
ac_cv_env_CXX_set=
ac_cv_env_CXX_value=
ac_cv_env_LDFLAGS_set=
ac_cv_env_LDFLAGS_value=
ac_cv_env_LIBS_set=
ac_cv_env_LIBS_value=
ac_cv_env_LT_SYS_LIBRARY_PATH_set=
ac_cv_env_LT_SYS_LIBRARY_PATH_value=
ac_cv_env_YACC_set=
ac_cv_env_YACC_value=
ac_cv_env_YFLAGS_set=
ac_cv_env_YFLAGS_value=
ac_cv_env_build_alias_set=
ac_cv_env_build_alias_value=
ac_cv_env_host_alias_set=
ac_cv_env_host_alias_value=
ac_cv_env_target_alias_set=
ac_cv_env_target_alias_value=
ac_cv_func_mergesort=no
ac_cv_func_mkstemps=yes
ac_cv_func_strtoimax=yes
ac_cv_func_strtoll=yes
ac_cv_func_timegm=yes
ac_cv_have_decl_strcasecmp=yes
ac_cv_have_decl_vasprintf=no
ac_cv_header_dlfcn_h=yes
ac_cv_header_inttypes_h=yes
ac_cv_header_stdint_h=yes
ac_cv_header_stdio_h=yes
ac_cv_header_stdlib_h=yes
ac_cv_header_string_h=yes
ac_cv_header_strings_h=yes
ac_cv_header_sys_param_h=yes
ac_cv_header_sys_stat_h=yes
ac_cv_header_sys_types_h=yes
ac_cv_header_unistd_h=yes
ac_cv_host=x86_64-pc-linux-gnu
ac_cv_lib_lex='none needed'
ac_cv_objext=o
ac_cv_path_EGREP='/usr/bin/grep -E'
ac_cv_path_FGREP='/usr/bin/grep -F'
ac_cv_path_GREP=/usr/bin/grep
ac_cv_path_SED=/usr/bin/sed
ac_cv_path_install='/usr/bin/install -c'
ac_cv_path_lt_DD=/usr/bin/dd
ac_cv_path_mkdir=/usr/bin/mkdir
ac_cv_prog_AWK=gawk
ac_cv_prog_CPP='gcc -E'
ac_cv_prog_CXXCPP='g++ -E'
ac_cv_prog_LEX=flex
ac_cv_prog_YACC='bison -y'
ac_cv_prog_ac_ct_AR=ar
ac_cv_prog_ac_ct_CC=gcc
ac_cv_prog_ac_ct_CXX=g++
ac_cv_prog_ac_ct_MANIFEST_TOOL=mt
ac_cv_prog_ac_ct_OBJDUMP=objdump
ac_cv_prog_ac_ct_RANLIB=ranlib
ac_cv_prog_ac_ct_STRIP=strip
ac_cv_prog_cc_c11=
ac_cv_prog_cc_g=yes
ac_cv_prog_cc_stdc=
ac_cv_prog_cxx_11=no
ac_cv_prog_cxx_cxx11=
ac_cv_prog_cxx_g=yes
ac_cv_prog_cxx_stdcxx=
ac_cv_prog_lex_root=lex.yy
ac_cv_prog_lex_yytext_pointer=yes
ac_cv_prog_make_make_set=yes
ac_cv_search_getopt='none required'
ac_cv_search_yywrap=-ll
ac_cv_sizeof_void_p=8
ac_cv_struct_tm=time.h
ac_cv_type___int128=yes
ac_cv_type_intmax_t=yes
ac_cv_type_off_t=yes
ac_cv_type_size_t=yes
am_cv_CC_dependencies_compiler_type=gcc3
am_cv_CXX_dependencies_compiler_type=gcc3
am_cv_ar_interface=ar
am_cv_make_support_nested_variables=yes
am_cv_prog_cc_c_o=yes
ax_cv_check_cclflags___fsanitize_address=yes
ax_cv_check_cclflags___fsanitize_nullability=no
ax_cv_check_cclflags___fsanitize_undefined=yes
ax_cv_check_cclflags___fsanitize_unsigned_integer_overflow=no
ax_cv_check_cflags__Werror__Wpedantic=yes
ax_cv_check_cflags___Wall=yes
ax_cv_check_cflags___Wcast_qual=yes
ax_cv_check_cflags___Wchar_subscripts=yes
ax_cv_check_cflags___Wmissing_declarations=yes
ax_cv_check_cflags___Wmissing_prototypes=yes
ax_cv_check_cflags___Wno_error_attributes=yes
ax_cv_check_cflags___Wno_error_cast_align=yes
ax_cv_check_cflags___Wno_error_parentheses_equality=no
ax_cv_check_cflags___Wno_error_unused_variable=yes
ax_cv_check_cflags___Wno_error_visibility=no
ax_cv_check_cflags___Wno_long_long=yes
ax_cv_check_cflags___fno_omit_frame_pointer=yes
ax_cv_check_cflags___fno_sanitize_recover_nullability=no
ax_cv_check_cflags___fno_sanitize_recover_undefined=yes
ax_cv_check_cflags___fno_sanitize_recover_unsigned_integer_overflow=no
ax_cv_check_cflags___std_c89=yes
ax_cv_check_cflags___std_gnu99=yes
lt_cv_ar_at_file=@
lt_cv_archive_cmds_need_lc=no
lt_cv_deplibs_check_method=pass_all
lt_cv_file_magic_cmd='$MAGIC_CMD'
lt_cv_file_magic_test_file=
lt_cv_ld_reload_flag=-r
lt_cv_nm_interface='BSD nm'
lt_cv_objdir=.libs
lt_cv_path_LD=/usr/bin/ld
lt_cv_path_LDCXX='/usr/bin/ld -m elf_x86_64'
lt_cv_path_NM='/usr/bin/nm -B'
lt_cv_path_mainfest_tool=no
lt_cv_prog_compiler_c_o=yes
lt_cv_prog_compiler_c_o_CXX=yes
lt_cv_prog_compiler_pic='-fPIC -DPIC'
lt_cv_prog_compiler_pic_CXX='-fPIC -DPIC'
lt_cv_prog_compiler_pic_works=yes
lt_cv_prog_compiler_pic_works_CXX=yes
lt_cv_prog_compiler_rtti_exceptions=no
lt_cv_prog_compiler_static_works=yes
lt_cv_prog_compiler_static_works_CXX=yes
lt_cv_prog_gnu_ld=yes
lt_cv_prog_gnu_ldcxx=yes
lt_cv_sharedlib_from_linklib_cmd='printf %s\n'
lt_cv_shlibpath_overrides_runpath=yes
lt_cv_sys_global_symbol_pipe='sed -n -e '\''s/^.*[	 ]\([ABCDGIRSTW][ABCDGIRSTW]*\)[	 ][	 ]*\([_A-Za-z][_A-Za-z0-9]*\)$/\1 \2 \2/p'\'' | sed '\''/ __gnu_lto/d'\'''
lt_cv_sys_global_symbol_to_c_name_address='sed -n -e '\''s/^: \(.*\) .*$/  {"\1", (void *) 0},/p'\'' -e '\''s/^[ABCDGIRSTW][ABCDGIRSTW]* .* \(.*\)$/  {"\1", (void *) \&\1},/p'\'''
lt_cv_sys_global_symbol_to_c_name_address_lib_prefix='sed -n -e '\''s/^: \(.*\) .*$/  {"\1", (void *) 0},/p'\'' -e '\''s/^[ABCDGIRSTW][ABCDGIRSTW]* .* \(lib.*\)$/  {"\1", (void *) \&\1},/p'\'' -e '\''s/^[ABCDGIRSTW][ABCDGIRSTW]* .* \(.*\)$/  {"lib\1", (void *) \&\1},/p'\'''
lt_cv_sys_global_symbol_to_cdecl='sed -n -e '\''s/^T .* \(.*\)$/extern int \1();/p'\'' -e '\''s/^[ABCDGIRSTW][ABCDGIRSTW]* .* \(.*\)$/extern char \1;/p'\'''
lt_cv_sys_global_symbol_to_import=
lt_cv_sys_max_cmd_len=1572864
lt_cv_to_host_file_cmd=func_convert_file_noop
lt_cv_to_tool_file_cmd=func_convert_file_noop
lt_cv_truncate_bin='/usr/bin/dd bs=4096 count=1'

## ----------------- ##
## Output variables. ##
## ----------------- ##














	@echo "Need to reconfigure with --enable-code-coverage"
	@echo "Need to reconfigure with --enable-code-coverage"
 $(CODE_COVERAGE_IGNORE_PATTERN);
 $(CODE_COVERAGE_OUTPUT_FILE);
#
#
#    $(PACKAGE_NAME)-$(PACKAGE_VERSION)-coverage)
#    $(PACKAGE_NAME)-$(PACKAGE_VERSION)-coverage.info)
#    (Default: $(top_builddir))
#    (Default: empty)
#    Multiple directories may be specified, separated by whitespace.
#    by lcov for code coverage. (Default:
#    collecting lcov instance. (Default: $CODE_COVERAGE_LCOV_OPTIONS_GCOVPATH)
#    genhtml instance. (Default: based on $CODE_COVERAGE_BRANCH_COVERAGE)
#    instance. (Default: $CODE_COVERAGE_GENHTML_OPTIONS_DEFAULT)
#    instance. (Default: $CODE_COVERAGE_LCOV_OPTIONS_DEFAULT)
#    instance. (Default: $CODE_COVERAGE_LCOV_RMOPTS_DEFAULT)
#    instances. (Default: $CODE_COVERAGE_LCOV_SHOPTS_DEFAULT)
#    instances. (Default: based on $CODE_COVERAGE_BRANCH_COVERAGE)
#    lcov instance. (Default: empty)
#    reports to be created. (Default:
#    set to 0 to disable it and leave empty to stay with the default.
#  - CODE_COVERAGE_BRANCH_COVERAGE: Set to 1 to enforce branch coverage,
#  - CODE_COVERAGE_DIRECTORY: Top-level directory for code coverage reporting.
#  - CODE_COVERAGE_GENHTML_OPTIONS: Extra options to pass to the genhtml
#  - CODE_COVERAGE_GENHTML_OPTIONS_DEFAULT: Extra options to pass to the
#  - CODE_COVERAGE_IGNORE_PATTERN: Extra glob pattern of files to ignore
#  - CODE_COVERAGE_LCOV_OPTIONS: Extra options to pass to the collecting lcov
#  - CODE_COVERAGE_LCOV_OPTIONS_DEFAULT: Extra options to pass to the
#  - CODE_COVERAGE_LCOV_OPTIONS_GCOVPATH: --gcov-tool pathtogcov
#  - CODE_COVERAGE_LCOV_RMOPTS: Extra options to pass to the filtering lcov
#  - CODE_COVERAGE_LCOV_RMOPTS_DEFAULT: Extra options to pass to the filtering
#  - CODE_COVERAGE_LCOV_SHOPTS: Extra options to shared between both lcov
#  - CODE_COVERAGE_LCOV_SHOPTS_DEFAULT: Extra options shared between both lcov
#  - CODE_COVERAGE_OUTPUT_DIRECTORY: Directory for generated code coverage
#  - CODE_COVERAGE_OUTPUT_FILE: Filename and path for the .info file generated
# $(PACKAGE_VERSION). In order to add the current git hash to the title,
# Capture code coverage data
# Code coverage
# Hook rule executed before code-coverage-capture, overridable by the user
# Optional variables
# Optional:
# The generated report will be titled using the $(PACKAGE_NAME) and
# Use recursive makes in order to ignore errors during check
# sanitizes the test-name: replaces with underscores: dashes and dots
# use the git-version-gen script, available online.
$(if $(CODE_COVERAGE_BRANCH_COVERAGE),\
'
--rc genhtml_branch_coverage=$(CODE_COVERAGE_BRANCH_COVERAGE))
--rc lcov_branch_coverage=$(CODE_COVERAGE_BRANCH_COVERAGE))
.PHONY: check-code-coverage code-coverage-capture code-coverage-capture-hook code-coverage-clean
ACLOCAL='${SHELL} '\''/home/sofia/v2x-test/etsi-data-test/asn1c-master/config/missing'\'' aclocal-1.16'
ADD_CFLAGS=''
AMDEPBACKSLASH='\'
AMDEP_FALSE='#'
AMDEP_TRUE=''
AMTAR='$${TAR-tar}'
AM_BACKSLASH='\'
AM_DEFAULT_V='$(AM_DEFAULT_VERBOSITY)'
AM_DEFAULT_VERBOSITY='0'
AM_DISTCHECK_CONFIGURE_FLAGS += --disable-code-coverage
AM_DISTCHECK_CONFIGURE_FLAGS ?=
AM_V='$(V)'
AR='ar'
ASAN_ENV_FLAGS=' ASAN_OPTIONS=detect_leaks=1'
AUTOCONF='${SHELL} '\''/home/sofia/v2x-test/etsi-data-test/asn1c-master/config/missing'\'' autoconf'
AUTOHEADER='${SHELL} '\''/home/sofia/v2x-test/etsi-data-test/asn1c-master/config/missing'\'' autoheader'
AUTOMAKE='${SHELL} '\''/home/sofia/v2x-test/etsi-data-test/asn1c-master/config/missing'\'' automake-1.16'
AWK='gawk'
CC='gcc'
CCDEPMODE='depmode=gcc3'
CFLAGS='-g -O2 -Wall -Wcast-qual -Wchar-subscripts -Wmissing-prototypes -Wmissing-declarations -Wno-error=attributes -Wno-error=cast-align -std=gnu99'
CFLAGS_M32=''
CODE_COVERAGE_BRANCH_COVERAGE ?=
CODE_COVERAGE_CFLAGS=''
CODE_COVERAGE_CPPFLAGS=''
CODE_COVERAGE_CXXFLAGS=''
CODE_COVERAGE_DIRECTORY ?= $(top_builddir)
CODE_COVERAGE_ENABLED='no'
CODE_COVERAGE_ENABLED_FALSE=''
CODE_COVERAGE_ENABLED_TRUE='#'
CODE_COVERAGE_GENHTML_OPTIONS ?= $(CODE_COVERAGE_GENHTML_OPTIONS_DEFAULT)
CODE_COVERAGE_GENHTML_OPTIONS_DEFAULT ?=\
CODE_COVERAGE_IGNORE_PATTERN ?=
CODE_COVERAGE_LCOV_OPTIONS ?= $(CODE_COVERAGE_LCOV_OPTIONS_DEFAULT)
CODE_COVERAGE_LCOV_OPTIONS_DEFAULT ?= $(CODE_COVERAGE_LCOV_OPTIONS_GCOVPATH)
CODE_COVERAGE_LCOV_OPTIONS_GCOVPATH ?= --gcov-tool "$(GCOV)"
CODE_COVERAGE_LCOV_RMOPTS ?= $(CODE_COVERAGE_LCOV_RMOPTS_DEFAULT)
CODE_COVERAGE_LCOV_RMOPTS_DEFAULT ?=
CODE_COVERAGE_LCOV_SHOPTS ?= $(CODE_COVERAGE_LCOV_SHOPTS_DEFAULT)
CODE_COVERAGE_LCOV_SHOPTS_DEFAULT ?= $(if $(CODE_COVERAGE_BRANCH_COVERAGE),\
CODE_COVERAGE_LDFLAGS=''
CODE_COVERAGE_LIBS=''
CODE_COVERAGE_OUTPUT_DIRECTORY ?= $(PACKAGE_NAME)-$(PACKAGE_VERSION)-coverage
CODE_COVERAGE_OUTPUT_FILE ?= $(PACKAGE_NAME)-$(PACKAGE_VERSION)-coverage.info
CODE_COVERAGE_RULES='
CPP='gcc -E'
CPPFLAGS=''
CSCOPE='cscope'
CTAGS='ctags'
CXX='g++'
CXXCPP='g++ -E'
CXXDEPMODE='depmode=gcc3'
CXXFLAGS='-std=c++11'
CYGPATH_W='echo'
DEFS='-DHAVE_CONFIG_H'
DEPDIR='.deps'
DLLTOOL='false'
DSYMUTIL=''
DUMPBIN=''
ECHO_C=''
ECHO_N='-n'
ECHO_T=''
EGREP='/usr/bin/grep -E'
ETAGS='etags'
EXEEXT=''
EXPLICIT_M32_FALSE=''
EXPLICIT_M32_TRUE='#'
FGREP='/usr/bin/grep -F'
GCOV=''
GENHTML=''
GITIGNOREFILES += $(CODE_COVERAGE_OUTPUT_FILE) $(CODE_COVERAGE_OUTPUT_DIRECTORY)
GITIGNOREFILES ?=
GREP='/usr/bin/grep'
HAVE_PANDOC_FALSE=''
HAVE_PANDOC_TRUE='#'
INSTALL_DATA='${INSTALL} -m 644'
INSTALL_PROGRAM='${INSTALL}'
INSTALL_SCRIPT='${INSTALL}'
INSTALL_STRIP_PROGRAM='$(install_sh) -c -s'
LCOV=''
LD='/usr/bin/ld -m elf_x86_64'
LDFLAGS=''
LEX='flex'
LEXLIB='-ll '
LEX_OUTPUT_ROOT='lex.yy'
LIBFUZZER_CFLAGS=''
LIBOBJS=''
LIBS=''
LIBTOOL='$(SHELL) $(top_builddir)/libtool'
LIPO=''
LN_S='ln -s'
LTLIBOBJS=''
LT_SYS_LIBRARY_PATH=''
MAKEINFO='${SHELL} '\''/home/sofia/v2x-test/etsi-data-test/asn1c-master/config/missing'\'' makeinfo'
MANIFEST_TOOL=':'
MKDIR_P='/usr/bin/mkdir -p'
NM='/usr/bin/nm -B'
NMEDIT=''
OBJDUMP='objdump'
OBJEXT='o'
OTOOL64=''
OTOOL=''
PACKAGE='asn1c'
PACKAGE_BUGREPORT='vlm@lionet.info'
PACKAGE_NAME='asn1c'
PACKAGE_STRING='asn1c 0.9.29'
PACKAGE_TARNAME='asn1c'
PACKAGE_URL=''
PACKAGE_VERSION='0.9.29'
PANDOC=''
PATH_SEPARATOR=':'
RANLIB='ranlib'
SANITIZER_CFLAGS=' -fsanitize=undefined -fno-sanitize-recover=undefined -fno-omit-frame-pointer -fsanitize=address -fno-omit-frame-pointer'
SED='/usr/bin/sed'
SET_MAKE=''
SHELL='/bin/bash'
SKELETONS_CFLAGS='  -std=c89 -Wpedantic -Wno-long-long  -fsanitize=undefined -fno-sanitize-recover=undefined -fno-omit-frame-pointer -fsanitize=address -fno-omit-frame-pointer'
STRIP='strip'
TESTSUITE_CFLAGS=' -std=gnu99 -Wno-error=unused-variable  -fsanitize=undefined -fno-sanitize-recover=undefined -fno-omit-frame-pointer -fsanitize=address -fno-omit-frame-pointer'
TEST_64BIT_FALSE='#'
TEST_64BIT_TRUE=''
VERSION='0.9.29'
YACC='bison -y'
YFLAGS=''
ac_ct_AR='ar'
ac_ct_CC='gcc'
ac_ct_CXX='g++'
ac_ct_DUMPBIN=''
am__EXEEXT_FALSE=''
am__EXEEXT_TRUE='#'
am__fastdepCC_FALSE='#'
am__fastdepCC_TRUE=''
am__fastdepCXX_FALSE='#'
am__fastdepCXX_TRUE=''
am__include='include'
am__isrc=''
am__leading_dot='.'
am__nodep='_no'
am__quote=''
am__tar='$${TAR-tar} chof - "$$tardir"'
am__untar='$${TAR-tar} xf -'
bindir='${exec_prefix}/bin'
build='x86_64-pc-linux-gnu'
build_alias=''
build_cpu='x86_64'
build_os='linux-gnu'
build_vendor='pc'
check-code-coverage:
code-coverage-capture-hook:
code-coverage-capture: code-coverage-capture-hook
code_coverage_quiet = $(code_coverage_quiet_$(V))
code_coverage_quiet_ = $(code_coverage_quiet_$(AM_DEFAULT_VERBOSITY))
code_coverage_quiet_0 = --quiet
code_coverage_sanitize = $(subst -,_,$(subst .,_,$(1)))
code_coverage_v_genhtml = $(code_coverage_v_genhtml_$(V))
code_coverage_v_genhtml_ = $(code_coverage_v_genhtml_$(AM_DEFAULT_VERBOSITY))
code_coverage_v_genhtml_0 = @echo "  GEN   " $(CODE_COVERAGE_OUTPUT_DIRECTORY);
code_coverage_v_lcov_cap = $(code_coverage_v_lcov_cap_$(V))
code_coverage_v_lcov_cap_ = $(code_coverage_v_lcov_cap_$(AM_DEFAULT_VERBOSITY))
code_coverage_v_lcov_cap_0 = @echo "  LCOV   --capture"\
code_coverage_v_lcov_ign = $(code_coverage_v_lcov_ign_$(V))
code_coverage_v_lcov_ign_ = $(code_coverage_v_lcov_ign_$(AM_DEFAULT_VERBOSITY))
code_coverage_v_lcov_ign_0 = @echo "  LCOV   --remove /tmp/*"\
datadir='${datarootdir}'
datarootdir='${prefix}/share'
docdir='${datarootdir}/doc/${PACKAGE_TARNAME}'
dvidir='${docdir}'
exec_prefix='${prefix}'
host='x86_64-pc-linux-gnu'
host_alias=''
host_cpu='x86_64'
host_os='linux-gnu'
host_vendor='pc'
htmldir='${docdir}'
includedir='${prefix}/include'
infodir='${datarootdir}/info'
install_sh='${SHELL} /home/sofia/v2x-test/etsi-data-test/asn1c-master/config/install-sh'
libdir='${exec_prefix}/lib'
libexecdir='${exec_prefix}/libexec'
localedir='${datarootdir}/locale'
localstatedir='${prefix}/var'
mandir='${datarootdir}/man'
mkdir_p='$(MKDIR_P)'
oldincludedir='/usr/include'
pdfdir='${docdir}'
prefix='/usr/local'
program_transform_name='s,x,x,'
psdir='${docdir}'
runstatedir='${localstatedir}/run'
sbindir='${exec_prefix}/sbin'
sharedstatedir='${prefix}/com'
sysconfdir='${prefix}/etc'
target_alias=''

## ----------- ##
## confdefs.h. ##
## ----------- ##

/* confdefs.h */
#define PACKAGE_NAME "asn1c"
#define PACKAGE_TARNAME "asn1c"
#define PACKAGE_VERSION "0.9.29"
#define PACKAGE_STRING "asn1c 0.9.29"
#define PACKAGE_BUGREPORT "vlm@lionet.info"
#define PACKAGE_URL ""
#define PACKAGE "asn1c"
#define VERSION "0.9.29"
#define YYTEXT_POINTER 1
#define HAVE_STDIO_H 1
#define HAVE_STDLIB_H 1
#define HAVE_STRING_H 1
#define HAVE_INTTYPES_H 1
#define HAVE_STDINT_H 1
#define HAVE_STRINGS_H 1
#define HAVE_SYS_STAT_H 1
#define HAVE_SYS_TYPES_H 1
#define HAVE_UNISTD_H 1
#define STDC_HEADERS 1
#define HAVE_DLFCN_H 1
#define LT_OBJDIR ".libs/"
#define HAVE_SYS_PARAM_H 1
#define HAVE_128_BIT_INT 1
#define SIZEOF_VOID_P 8
#define HAVE_STRTOIMAX 1
#define HAVE_STRTOLL 1
#define HAVE_MKSTEMPS 1
#define HAVE_TIMEGM 1
#define HAVE_DECL_STRCASECMP 1
#define HAVE_DECL_VASPRINTF 0
#define HAVE_SYMLINK 1

configure: exit 0
